[ 2020-06-11T09:54:06+08:00 ] ::1 /
INFO: [ app_init ] --START--
INFO: Run Behavior\BuildLiteBehavior [ RunTime:0.000033s ]
INFO: [ app_init ] --END-- [ RunTime:0.024901s ]
INFO: [ app_begin ] --START--
INFO: Run Behavior\ReadHtmlCacheBehavior [ RunTime:0.030338s ]
INFO: [ app_begin ] --END-- [ RunTime:0.030493s ]

[ 2020-06-11T09:54:06+08:00 ] ::1 /index.php/Home/Index/loginIndex.html
INFO: [ app_init ] --START--
INFO: Run Behavior\BuildLiteBehavior [ RunTime:0.000024s ]
INFO: [ app_init ] --END-- [ RunTime:0.000378s ]
INFO: [ app_begin ] --START--
INFO: Run Behavior\ReadHtmlCacheBehavior [ RunTime:0.000398s ]
INFO: [ app_begin ] --END-- [ RunTime:0.000513s ]
INFO: [ view_parse ] --START--
INFO: [ template_filter ] --START--
INFO: Run Behavior\ContentReplaceBehavior [ RunTime:0.000966s ]
INFO: [ template_filter ] --END-- [ RunTime:0.001099s ]
INFO: Run Behavior\ParseTemplateBehavior [ RunTime:0.189194s ]
INFO: [ view_parse ] --END-- [ RunTime:0.189320s ]
INFO: [ view_filter ] --START--
INFO: Run Behavior\WriteHtmlCacheBehavior [ RunTime:0.019450s ]
INFO: [ view_filter ] --END-- [ RunTime:0.019570s ]
INFO: [ app_end ] --START--
INFO: Run Behavior\ShowPageTraceBehavior [ RunTime:0.018393s ]
INFO: [ app_end ] --END-- [ RunTime:0.018616s ]

[ 2020-06-11T09:54:09+08:00 ] ::1 /index.php/Home/Index/check_user
INFO: [ app_init ] --START--
INFO: Run Behavior\BuildLiteBehavior [ RunTime:0.000021s ]
INFO: [ app_init ] --END-- [ RunTime:0.000366s ]
INFO: [ app_begin ] --START--
INFO: Run Behavior\ReadHtmlCacheBehavior [ RunTime:0.000397s ]
INFO: [ app_begin ] --END-- [ RunTime:0.000482s ]
SQL: SHOW COLUMNS FROM `tb_user` [ RunTime:0.0405s ]
SQL: SELECT * FROM `tb_user` WHERE `username` = 'xmd' LIMIT 1   [ RunTime:0.0017s ]

[ 2020-06-11T09:54:09+08:00 ] ::1 /index.php/Home/Index/check_user.html
INFO: [ app_init ] --START--
INFO: Run Behavior\BuildLiteBehavior [ RunTime:0.000024s ]
INFO: [ app_init ] --END-- [ RunTime:0.000347s ]
INFO: [ app_begin ] --START--
INFO: Run Behavior\ReadHtmlCacheBehavior [ RunTime:0.000378s ]
INFO: [ app_begin ] --END-- [ RunTime:0.000501s ]
SQL: SHOW COLUMNS FROM `tb_user` [ RunTime:0.0055s ]
SQL: SELECT * FROM `tb_user` WHERE `username` = 'xmd' LIMIT 1   [ RunTime:0.0003s ]

[ 2020-06-11T09:54:09+08:00 ] ::1 /index.php/Home/Index/mainIndex.html
INFO: [ app_init ] --START--
INFO: Run Behavior\BuildLiteBehavior [ RunTime:0.000022s ]
INFO: [ app_init ] --END-- [ RunTime:0.000361s ]
INFO: [ app_begin ] --START--
INFO: Run Behavior\ReadHtmlCacheBehavior [ RunTime:0.000358s ]
INFO: [ app_begin ] --END-- [ RunTime:0.000463s ]
INFO: [ view_parse ] --START--
INFO: [ template_filter ] --START--
INFO: Run Behavior\ContentReplaceBehavior [ RunTime:0.000095s ]
INFO: [ template_filter ] --END-- [ RunTime:0.000220s ]
INFO: Run Behavior\ParseTemplateBehavior [ RunTime:0.081347s ]
INFO: [ view_parse ] --END-- [ RunTime:0.081501s ]
INFO: [ view_filter ] --START--
INFO: Run Behavior\WriteHtmlCacheBehavior [ RunTime:0.000390s ]
INFO: [ view_filter ] --END-- [ RunTime:0.000543s ]
INFO: [ app_end ] --START--
INFO: Run Behavior\ShowPageTraceBehavior [ RunTime:0.000650s ]
INFO: [ app_end ] --END-- [ RunTime:0.000807s ]

[ 2020-06-11T09:54:09+08:00 ] ::1 /index.php/Home/Index/compMain.html
INFO: [ app_init ] --START--
INFO: Run Behavior\BuildLiteBehavior [ RunTime:0.000052s ]
INFO: [ app_init ] --END-- [ RunTime:0.000787s ]
INFO: [ app_begin ] --START--
INFO: Run Behavior\ReadHtmlCacheBehavior [ RunTime:0.000551s ]
INFO: [ app_begin ] --END-- [ RunTime:0.000673s ]
INFO: [ view_parse ] --START--
INFO: [ template_filter ] --START--
INFO: Run Behavior\ContentReplaceBehavior [ RunTime:0.000088s ]
INFO: [ template_filter ] --END-- [ RunTime:0.000214s ]
INFO: Run Behavior\ParseTemplateBehavior [ RunTime:0.068947s ]
INFO: [ view_parse ] --END-- [ RunTime:0.069078s ]
INFO: [ view_filter ] --START--
INFO: Run Behavior\WriteHtmlCacheBehavior [ RunTime:0.000355s ]
INFO: [ view_filter ] --END-- [ RunTime:0.000460s ]
INFO: [ app_end ] --START--
INFO: Run Behavior\ShowPageTraceBehavior [ RunTime:0.000475s ]
INFO: [ app_end ] --END-- [ RunTime:0.000589s ]

[ 2020-06-11T09:54:09+08:00 ] ::1 /index.php/Home/Manage/index.html
INFO: [ app_init ] --START--
INFO: Run Behavior\BuildLiteBehavior [ RunTime:0.000024s ]
INFO: [ app_init ] --END-- [ RunTime:0.000396s ]
INFO: [ app_begin ] --START--
INFO: Run Behavior\ReadHtmlCacheBehavior [ RunTime:0.000412s ]
INFO: [ app_begin ] --END-- [ RunTime:0.000534s ]
INFO: [ view_parse ] --START--
INFO: [ template_filter ] --START--
INFO: Run Behavior\ContentReplaceBehavior [ RunTime:0.000070s ]
INFO: [ template_filter ] --END-- [ RunTime:0.000196s ]
INFO: Run Behavior\ParseTemplateBehavior [ RunTime:0.027797s ]
INFO: [ view_parse ] --END-- [ RunTime:0.027938s ]
INFO: [ view_filter ] --START--
INFO: Run Behavior\WriteHtmlCacheBehavior [ RunTime:0.000255s ]
INFO: [ view_filter ] --END-- [ RunTime:0.000363s ]
INFO: [ app_end ] --START--
INFO: Run Behavior\ShowPageTraceBehavior [ RunTime:0.000451s ]
INFO: [ app_end ] --END-- [ RunTime:0.000566s ]

[ 2020-06-11T09:54:11+08:00 ] ::1 /index.php/Home/Manage/compManage.html
INFO: [ app_init ] --START--
INFO: Run Behavior\BuildLiteBehavior [ RunTime:0.000017s ]
INFO: [ app_init ] --END-- [ RunTime:0.000305s ]
INFO: [ app_begin ] --START--
INFO: Run Behavior\ReadHtmlCacheBehavior [ RunTime:0.000307s ]
INFO: [ app_begin ] --END-- [ RunTime:0.000392s ]
SQL: SHOW COLUMNS FROM `tb_dic_manage` [ RunTime:0.0356s ]
SQL: SELECT * FROM `tb_dic_manage` WHERE `pid` = 1  [ RunTime:0.0004s ]
SQL: SELECT * FROM `tb_dic_manage` WHERE `pid` = 3  [ RunTime:0.0002s ]
SQL: SHOW COLUMNS FROM `tb_comp_reserve` [ RunTime:0.0274s ]
SQL: SELECT * FROM `tb_comp_reserve`  [ RunTime:0.0003s ]
NOTIC: [2] Missing argument 3 for Home\Controller\ManageController::storeManage(), called in D:\wamp\www\Apps\Home\Controller\ManageController.class.php on line 34 and defined D:\wamp\www\Apps\Home\Controller\ManageController.class.php 第 430 行.
SQL: SHOW COLUMNS FROM `tb_comp_reserve` [ RunTime:0.0046s ]
SQL: SELECT `store_num` FROM `tb_comp_reserve` WHERE `id` = 0 LIMIT 1   [ RunTime:0.0002s ]
NOTIC: [8] Undefined variable: mode D:\wamp\www\Apps\Home\Controller\ManageController.class.php 第 435 行.
SQL: UPDATE `tb_comp_reserve` SET `store_num`='-1' WHERE `id` = 0 [ RunTime:0.0011s ]
INFO: [ view_parse ] --START--
INFO: [ template_filter ] --START--
INFO: Run Behavior\ContentReplaceBehavior [ RunTime:0.000155s ]
INFO: [ template_filter ] --END-- [ RunTime:0.000246s ]
INFO: Run Behavior\ParseTemplateBehavior [ RunTime:0.127534s ]
INFO: [ view_parse ] --END-- [ RunTime:0.127628s ]
INFO: [ view_filter ] --START--
INFO: Run Behavior\WriteHtmlCacheBehavior [ RunTime:0.000214s ]
INFO: [ view_filter ] --END-- [ RunTime:0.000293s ]
INFO: [ app_end ] --START--
INFO: Run Behavior\ShowPageTraceBehavior [ RunTime:0.000313s ]
INFO: [ app_end ] --END-- [ RunTime:0.000397s ]

[ 2020-06-11T09:54:11+08:00 ] ::1 /index.php/Home/Manage/compOut.html
INFO: [ app_init ] --START--
INFO: Run Behavior\BuildLiteBehavior [ RunTime:0.000018s ]
INFO: [ app_init ] --END-- [ RunTime:0.000291s ]
INFO: [ app_begin ] --START--
INFO: Run Behavior\ReadHtmlCacheBehavior [ RunTime:0.000313s ]
INFO: [ app_begin ] --END-- [ RunTime:0.000400s ]
SQL: SHOW COLUMNS FROM `tb_comp_out` [ RunTime:0.0322s ]
SQL: SELECT * FROM `tb_comp_out` ORDER BY `date` desc  [ RunTime:0.0003s ]
SQL: SHOW COLUMNS FROM `tb_comp_reserve` [ RunTime:0.0103s ]
SQL: SELECT `type`,`name`,`standard`,`store_num`,`project_pact`,`comp_pact` FROM `tb_comp_reserve` WHERE ( 1=1 AND id='10' ) LIMIT 1   [ RunTime:0.0007s ]
SQL: SELECT * FROM `tb_comp_reserve`  [ RunTime:0.0002s ]
SQL: SHOW COLUMNS FROM `tb_dic_manage` [ RunTime:0.0103s ]
SQL: SELECT * FROM `tb_dic_manage` WHERE `pid` = 1  [ RunTime:0.0003s ]
SQL: SELECT * FROM `tb_dic_manage` WHERE `pid` = 3  [ RunTime:0.0002s ]
INFO: [ view_parse ] --START--
INFO: [ template_filter ] --START--
INFO: Run Behavior\ContentReplaceBehavior [ RunTime:0.000096s ]
INFO: [ template_filter ] --END-- [ RunTime:0.000187s ]
INFO: Run Behavior\ParseTemplateBehavior [ RunTime:0.109297s ]
INFO: [ view_parse ] --END-- [ RunTime:0.109399s ]
INFO: [ view_filter ] --START--
INFO: Run Behavior\WriteHtmlCacheBehavior [ RunTime:0.000208s ]
INFO: [ view_filter ] --END-- [ RunTime:0.000289s ]
INFO: [ app_end ] --START--
INFO: Run Behavior\ShowPageTraceBehavior [ RunTime:0.000322s ]
INFO: [ app_end ] --END-- [ RunTime:0.000406s ]

[ 2020-06-11T09:54:13+08:00 ] ::1 /index.php/Home/Manage/dicManage.html
INFO: [ app_init ] --START--
INFO: Run Behavior\BuildLiteBehavior [ RunTime:0.000016s ]
INFO: [ app_init ] --END-- [ RunTime:0.000289s ]
INFO: [ app_begin ] --START--
INFO: Run Behavior\ReadHtmlCacheBehavior [ RunTime:0.000300s ]
INFO: [ app_begin ] --END-- [ RunTime:0.000382s ]
SQL: SHOW COLUMNS FROM `tb_dic_dic` [ RunTime:0.0353s ]
SQL: SELECT * FROM `tb_dic_dic`  [ RunTime:0.0002s ]
INFO: [ view_parse ] --START--
INFO: [ template_filter ] --START--
INFO: Run Behavior\ContentReplaceBehavior [ RunTime:0.000067s ]
INFO: [ template_filter ] --END-- [ RunTime:0.000174s ]
INFO: Run Behavior\ParseTemplateBehavior [ RunTime:0.065997s ]
INFO: [ view_parse ] --END-- [ RunTime:0.066105s ]
INFO: [ view_filter ] --START--
INFO: Run Behavior\WriteHtmlCacheBehavior [ RunTime:0.000166s ]
INFO: [ view_filter ] --END-- [ RunTime:0.000238s ]
INFO: [ app_end ] --START--
INFO: Run Behavior\ShowPageTraceBehavior [ RunTime:0.000306s ]
INFO: [ app_end ] --END-- [ RunTime:0.000380s ]

[ 2020-06-11T09:54:15+08:00 ] ::1 /index.php/Home/Manage/dicManage.html
INFO: [ app_init ] --START--
INFO: Run Behavior\BuildLiteBehavior [ RunTime:0.000035s ]
INFO: [ app_init ] --END-- [ RunTime:0.000491s ]
INFO: [ app_begin ] --START--
INFO: Run Behavior\ReadHtmlCacheBehavior [ RunTime:0.000459s ]
INFO: [ app_begin ] --END-- [ RunTime:0.000656s ]
SQL: SHOW COLUMNS FROM `tb_dic_dic` [ RunTime:0.0239s ]
SQL: SELECT * FROM `tb_dic_dic`  [ RunTime:0.0003s ]
INFO: [ view_parse ] --START--
INFO: [ template_filter ] --START--
INFO: Run Behavior\ContentReplaceBehavior [ RunTime:0.000066s ]
INFO: [ template_filter ] --END-- [ RunTime:0.000142s ]
INFO: Run Behavior\ParseTemplateBehavior [ RunTime:0.006869s ]
INFO: [ view_parse ] --END-- [ RunTime:0.006949s ]
INFO: [ view_filter ] --START--
INFO: Run Behavior\WriteHtmlCacheBehavior [ RunTime:0.000155s ]
INFO: [ view_filter ] --END-- [ RunTime:0.000228s ]
INFO: [ app_end ] --START--
INFO: Run Behavior\ShowPageTraceBehavior [ RunTime:0.000283s ]
INFO: [ app_end ] --END-- [ RunTime:0.000359s ]

[ 2020-06-11T09:54:17+08:00 ] ::1 /index.php/Home/Manage/index.html
INFO: [ app_init ] --START--
INFO: Run Behavior\BuildLiteBehavior [ RunTime:0.000015s ]
INFO: [ app_init ] --END-- [ RunTime:0.000287s ]
INFO: [ app_begin ] --START--
INFO: Run Behavior\ReadHtmlCacheBehavior [ RunTime:0.000274s ]
INFO: [ app_begin ] --END-- [ RunTime:0.000350s ]
INFO: [ view_parse ] --START--
INFO: [ template_filter ] --START--
INFO: Run Behavior\ContentReplaceBehavior [ RunTime:0.000043s ]
INFO: [ template_filter ] --END-- [ RunTime:0.000117s ]
INFO: Run Behavior\ParseTemplateBehavior [ RunTime:0.004098s ]
INFO: [ view_parse ] --END-- [ RunTime:0.004176s ]
INFO: [ view_filter ] --START--
INFO: Run Behavior\WriteHtmlCacheBehavior [ RunTime:0.000157s ]
INFO: [ view_filter ] --END-- [ RunTime:0.000226s ]
INFO: [ app_end ] --START--
INFO: Run Behavior\ShowPageTraceBehavior [ RunTime:0.000273s ]
INFO: [ app_end ] --END-- [ RunTime:0.000349s ]

[ 2020-06-11T09:54:18+08:00 ] ::1 /index.php/Home/Manage/dicManage.html
INFO: [ app_init ] --START--
INFO: Run Behavior\BuildLiteBehavior [ RunTime:0.000016s ]
INFO: [ app_init ] --END-- [ RunTime:0.000251s ]
INFO: [ app_begin ] --START--
INFO: Run Behavior\ReadHtmlCacheBehavior [ RunTime:0.000264s ]
INFO: [ app_begin ] --END-- [ RunTime:0.000340s ]
SQL: SHOW COLUMNS FROM `tb_dic_dic` [ RunTime:0.0167s ]
SQL: SELECT * FROM `tb_dic_dic`  [ RunTime:0.0002s ]
INFO: [ view_parse ] --START--
INFO: [ template_filter ] --START--
INFO: Run Behavior\ContentReplaceBehavior [ RunTime:0.000063s ]
INFO: [ template_filter ] --END-- [ RunTime:0.000137s ]
INFO: Run Behavior\ParseTemplateBehavior [ RunTime:0.006702s ]
INFO: [ view_parse ] --END-- [ RunTime:0.006780s ]
INFO: [ view_filter ] --START--
INFO: Run Behavior\WriteHtmlCacheBehavior [ RunTime:0.000155s ]
INFO: [ view_filter ] --END-- [ RunTime:0.000246s ]
INFO: [ app_end ] --START--
INFO: Run Behavior\ShowPageTraceBehavior [ RunTime:0.000261s ]
INFO: [ app_end ] --END-- [ RunTime:0.000333s ]

[ 2020-06-11T09:54:22+08:00 ] ::1 /index.php/Home/Manage/index.html
INFO: [ app_init ] --START--
INFO: Run Behavior\BuildLiteBehavior [ RunTime:0.000033s ]
INFO: [ app_init ] --END-- [ RunTime:0.000332s ]
INFO: [ app_begin ] --START--
INFO: Run Behavior\ReadHtmlCacheBehavior [ RunTime:0.000348s ]
INFO: [ app_begin ] --END-- [ RunTime:0.000442s ]
INFO: [ view_parse ] --START--
INFO: [ template_filter ] --START--
INFO: Run Behavior\ContentReplaceBehavior [ RunTime:0.000063s ]
INFO: [ template_filter ] --END-- [ RunTime:0.000155s ]
INFO: Run Behavior\ParseTemplateBehavior [ RunTime:0.004874s ]
INFO: [ view_parse ] --END-- [ RunTime:0.004991s ]
INFO: [ view_filter ] --START--
INFO: Run Behavior\WriteHtmlCacheBehavior [ RunTime:0.000198s ]
INFO: [ view_filter ] --END-- [ RunTime:0.000301s ]
INFO: [ app_end ] --START--
INFO: Run Behavior\ShowPageTraceBehavior [ RunTime:0.000357s ]
INFO: [ app_end ] --END-- [ RunTime:0.000447s ]

[ 2020-06-11T09:54:24+08:00 ] ::1 /index.php/Home/Manage/dicManage.html
INFO: [ app_init ] --START--
INFO: Run Behavior\BuildLiteBehavior [ RunTime:0.000018s ]
INFO: [ app_init ] --END-- [ RunTime:0.000333s ]
INFO: [ app_begin ] --START--
INFO: Run Behavior\ReadHtmlCacheBehavior [ RunTime:0.000348s ]
INFO: [ app_begin ] --END-- [ RunTime:0.000470s ]
SQL: SHOW COLUMNS FROM `tb_dic_dic` [ RunTime:0.0216s ]
SQL: SELECT * FROM `tb_dic_dic`  [ RunTime:0.0002s ]
INFO: [ view_parse ] --START--
INFO: [ template_filter ] --START--
INFO: Run Behavior\ContentReplaceBehavior [ RunTime:0.000111s ]
INFO: [ template_filter ] --END-- [ RunTime:0.000204s ]
INFO: Run Behavior\ParseTemplateBehavior [ RunTime:0.009126s ]
INFO: [ view_parse ] --END-- [ RunTime:0.009240s ]
INFO: [ view_filter ] --START--
INFO: Run Behavior\WriteHtmlCacheBehavior [ RunTime:0.000215s ]
INFO: [ view_filter ] --END-- [ RunTime:0.000339s ]
INFO: [ app_end ] --START--
INFO: Run Behavior\ShowPageTraceBehavior [ RunTime:0.000379s ]
INFO: [ app_end ] --END-- [ RunTime:0.000477s ]

[ 2020-06-11T09:54:34+08:00 ] ::1 /index.php/Home/Manage/compManage.html
INFO: [ app_init ] --START--
INFO: Run Behavior\BuildLiteBehavior [ RunTime:0.000020s ]
INFO: [ app_init ] --END-- [ RunTime:0.000375s ]
INFO: [ app_begin ] --START--
INFO: Run Behavior\ReadHtmlCacheBehavior [ RunTime:0.000335s ]
INFO: [ app_begin ] --END-- [ RunTime:0.000430s ]
SQL: SHOW COLUMNS FROM `tb_dic_manage` [ RunTime:0.0178s ]
SQL: SELECT * FROM `tb_dic_manage` WHERE `pid` = 1  [ RunTime:0.0003s ]
SQL: SELECT * FROM `tb_dic_manage` WHERE `pid` = 3  [ RunTime:0.0003s ]
SQL: SHOW COLUMNS FROM `tb_comp_reserve` [ RunTime:0.0115s ]
SQL: SELECT * FROM `tb_comp_reserve`  [ RunTime:0.0003s ]
NOTIC: [2] Missing argument 3 for Home\Controller\ManageController::storeManage(), called in D:\wamp\www\Apps\Home\Controller\ManageController.class.php on line 34 and defined D:\wamp\www\Apps\Home\Controller\ManageController.class.php 第 430 行.
SQL: SHOW COLUMNS FROM `tb_comp_reserve` [ RunTime:0.0052s ]
SQL: SELECT `store_num` FROM `tb_comp_reserve` WHERE `id` = 0 LIMIT 1   [ RunTime:0.0002s ]
NOTIC: [8] Undefined variable: mode D:\wamp\www\Apps\Home\Controller\ManageController.class.php 第 435 行.
SQL: UPDATE `tb_comp_reserve` SET `store_num`='-1' WHERE `id` = 0 [ RunTime:0.0002s ]
INFO: [ view_parse ] --START--
INFO: [ template_filter ] --START--
INFO: Run Behavior\ContentReplaceBehavior [ RunTime:0.000142s ]
INFO: [ template_filter ] --END-- [ RunTime:0.000238s ]
INFO: Run Behavior\ParseTemplateBehavior [ RunTime:0.095176s ]
INFO: [ view_parse ] --END-- [ RunTime:0.095281s ]
INFO: [ view_filter ] --START--
INFO: Run Behavior\WriteHtmlCacheBehavior [ RunTime:0.000223s ]
INFO: [ view_filter ] --END-- [ RunTime:0.000311s ]
INFO: [ app_end ] --START--
INFO: Run Behavior\ShowPageTraceBehavior [ RunTime:0.000346s ]
INFO: [ app_end ] --END-- [ RunTime:0.000440s ]

[ 2020-06-11T09:55:30+08:00 ] ::1 /index.php/Home/Manage/compOut.html
INFO: [ app_init ] --START--
INFO: Run Behavior\BuildLiteBehavior [ RunTime:0.000019s ]
INFO: [ app_init ] --END-- [ RunTime:0.000339s ]
INFO: [ app_begin ] --START--
INFO: Run Behavior\ReadHtmlCacheBehavior [ RunTime:0.000319s ]
INFO: [ app_begin ] --END-- [ RunTime:0.000414s ]
SQL: SHOW COLUMNS FROM `tb_comp_out` [ RunTime:0.0276s ]
SQL: SELECT * FROM `tb_comp_out` ORDER BY `date` desc  [ RunTime:0.0004s ]
SQL: SHOW COLUMNS FROM `tb_comp_reserve` [ RunTime:0.0134s ]
SQL: SELECT `type`,`name`,`standard`,`store_num`,`project_pact`,`comp_pact` FROM `tb_comp_reserve` WHERE ( 1=1 AND id='10' ) LIMIT 1   [ RunTime:0.0004s ]
SQL: SELECT * FROM `tb_comp_reserve`  [ RunTime:0.0003s ]
SQL: SHOW COLUMNS FROM `tb_dic_manage` [ RunTime:0.0128s ]
SQL: SELECT * FROM `tb_dic_manage` WHERE `pid` = 1  [ RunTime:0.0003s ]
SQL: SELECT * FROM `tb_dic_manage` WHERE `pid` = 3  [ RunTime:0.0003s ]
INFO: [ view_parse ] --START--
INFO: [ template_filter ] --START--
INFO: Run Behavior\ContentReplaceBehavior [ RunTime:0.000129s ]
INFO: [ template_filter ] --END-- [ RunTime:0.000247s ]
INFO: Run Behavior\ParseTemplateBehavior [ RunTime:0.104901s ]
INFO: [ view_parse ] --END-- [ RunTime:0.105029s ]
INFO: [ view_filter ] --START--
INFO: Run Behavior\WriteHtmlCacheBehavior [ RunTime:0.000241s ]
INFO: [ view_filter ] --END-- [ RunTime:0.000347s ]
INFO: [ app_end ] --START--
INFO: Run Behavior\ShowPageTraceBehavior [ RunTime:0.000438s ]
INFO: [ app_end ] --END-- [ RunTime:0.000550s ]

[ 2020-06-11T09:55:32+08:00 ] ::1 /index.php/Home/Manage/compIn.html
INFO: [ app_init ] --START--
INFO: Run Behavior\BuildLiteBehavior [ RunTime:0.000017s ]
INFO: [ app_init ] --END-- [ RunTime:0.000293s ]
INFO: [ app_begin ] --START--
INFO: Run Behavior\ReadHtmlCacheBehavior [ RunTime:0.000302s ]
INFO: [ app_begin ] --END-- [ RunTime:0.000390s ]
SQL: SHOW COLUMNS FROM `tb_comp_in` [ RunTime:0.0329s ]
SQL: SELECT * FROM `tb_comp_in`  [ RunTime:0.0003s ]
SQL: SHOW COLUMNS FROM `tb_comp_reserve` [ RunTime:0.0106s ]
SQL: SELECT `type`,`name`,`standard`,`store_num`,`project_pact`,`comp_pact` FROM `tb_comp_reserve` WHERE ( 1=1 AND id='10' ) LIMIT 1   [ RunTime:0.0003s ]
SQL: SELECT * FROM `tb_comp_reserve`  [ RunTime:0.0002s ]
SQL: SHOW COLUMNS FROM `tb_dic_manage` [ RunTime:0.0098s ]
SQL: SELECT * FROM `tb_dic_manage` WHERE `pid` = 1  [ RunTime:0.0003s ]
SQL: SELECT * FROM `tb_dic_manage` WHERE `pid` = 3  [ RunTime:0.0002s ]
INFO: [ view_parse ] --START--
INFO: [ template_filter ] --START--
INFO: Run Behavior\ContentReplaceBehavior [ RunTime:0.000105s ]
INFO: [ template_filter ] --END-- [ RunTime:0.000213s ]
INFO: Run Behavior\ParseTemplateBehavior [ RunTime:0.120401s ]
INFO: [ view_parse ] --END-- [ RunTime:0.120557s ]
INFO: [ view_filter ] --START--
INFO: Run Behavior\WriteHtmlCacheBehavior [ RunTime:0.000283s ]
INFO: [ view_filter ] --END-- [ RunTime:0.000422s ]
INFO: [ app_end ] --START--
INFO: Run Behavior\ShowPageTraceBehavior [ RunTime:0.000478s ]
INFO: [ app_end ] --END-- [ RunTime:0.000652s ]

[ 2020-06-11T09:55:38+08:00 ] ::1 /index.php/Home/Manage/dicManage.html
INFO: [ app_init ] --START--
INFO: Run Behavior\BuildLiteBehavior [ RunTime:0.000016s ]
INFO: [ app_init ] --END-- [ RunTime:0.000268s ]
INFO: [ app_begin ] --START--
INFO: Run Behavior\ReadHtmlCacheBehavior [ RunTime:0.000297s ]
INFO: [ app_begin ] --END-- [ RunTime:0.000374s ]
SQL: SHOW COLUMNS FROM `tb_dic_dic` [ RunTime:0.0168s ]
SQL: SELECT * FROM `tb_dic_dic`  [ RunTime:0.0003s ]
INFO: [ view_parse ] --START--
INFO: [ template_filter ] --START--
INFO: Run Behavior\ContentReplaceBehavior [ RunTime:0.000076s ]
INFO: [ template_filter ] --END-- [ RunTime:0.000150s ]
INFO: Run Behavior\ParseTemplateBehavior [ RunTime:0.006660s ]
INFO: [ view_parse ] --END-- [ RunTime:0.006737s ]
INFO: [ view_filter ] --START--
INFO: Run Behavior\WriteHtmlCacheBehavior [ RunTime:0.000148s ]
INFO: [ view_filter ] --END-- [ RunTime:0.000219s ]
INFO: [ app_end ] --START--
INFO: Run Behavior\ShowPageTraceBehavior [ RunTime:0.000270s ]
INFO: [ app_end ] --END-- [ RunTime:0.000344s ]

[ 2020-06-11T09:55:43+08:00 ] ::1 /index.php/Home/Manage/dicManageDetail/pid/1.html
INFO: [ app_init ] --START--
INFO: Run Behavior\BuildLiteBehavior [ RunTime:0.000019s ]
INFO: [ app_init ] --END-- [ RunTime:0.000270s ]
INFO: [ app_begin ] --START--
INFO: Run Behavior\ReadHtmlCacheBehavior [ RunTime:0.000272s ]
INFO: [ app_begin ] --END-- [ RunTime:0.000348s ]
SQL: SHOW COLUMNS FROM `tb_dic_dic` [ RunTime:0.0175s ]
SQL: SELECT * FROM `tb_dic_dic` WHERE `id` = 1  [ RunTime:0.0003s ]
SQL: SHOW COLUMNS FROM `tb_dic_manage` [ RunTime:0.0098s ]
SQL: SELECT * FROM `tb_dic_manage` WHERE `pid` = 1  [ RunTime:0.0003s ]
INFO: [ view_parse ] --START--
INFO: [ template_filter ] --START--
INFO: Run Behavior\ContentReplaceBehavior [ RunTime:0.000064s ]
INFO: [ template_filter ] --END-- [ RunTime:0.000146s ]
INFO: Run Behavior\ParseTemplateBehavior [ RunTime:0.068141s ]
INFO: [ view_parse ] --END-- [ RunTime:0.068250s ]
INFO: [ view_filter ] --START--
INFO: Run Behavior\WriteHtmlCacheBehavior [ RunTime:0.000163s ]
INFO: [ view_filter ] --END-- [ RunTime:0.000234s ]
INFO: [ app_end ] --START--
INFO: Run Behavior\ShowPageTraceBehavior [ RunTime:0.000304s ]
INFO: [ app_end ] --END-- [ RunTime:0.000394s ]

[ 2020-06-11T09:55:46+08:00 ] ::1 /index.php/Home/Manage/dicManage.html
INFO: [ app_init ] --START--
INFO: Run Behavior\BuildLiteBehavior [ RunTime:0.000016s ]
INFO: [ app_init ] --END-- [ RunTime:0.000265s ]
INFO: [ app_begin ] --START--
INFO: Run Behavior\ReadHtmlCacheBehavior [ RunTime:0.000301s ]
INFO: [ app_begin ] --END-- [ RunTime:0.000381s ]
SQL: SHOW COLUMNS FROM `tb_dic_dic` [ RunTime:0.0189s ]
SQL: SELECT * FROM `tb_dic_dic`  [ RunTime:0.0003s ]
INFO: [ view_parse ] --START--
INFO: [ template_filter ] --START--
INFO: Run Behavior\ContentReplaceBehavior [ RunTime:0.000088s ]
INFO: [ template_filter ] --END-- [ RunTime:0.000192s ]
INFO: Run Behavior\ParseTemplateBehavior [ RunTime:0.008928s ]
INFO: [ view_parse ] --END-- [ RunTime:0.009038s ]
INFO: [ view_filter ] --START--
INFO: Run Behavior\WriteHtmlCacheBehavior [ RunTime:0.000209s ]
INFO: [ view_filter ] --END-- [ RunTime:0.000307s ]
INFO: [ app_end ] --START--
INFO: Run Behavior\ShowPageTraceBehavior [ RunTime:0.000390s ]
INFO: [ app_end ] --END-- [ RunTime:0.000496s ]

[ 2020-06-11T09:55:50+08:00 ] ::1 /index.php/Home/Manage/compManage.html
INFO: [ app_init ] --START--
INFO: Run Behavior\BuildLiteBehavior [ RunTime:0.000015s ]
INFO: [ app_init ] --END-- [ RunTime:0.000261s ]
INFO: [ app_begin ] --START--
INFO: Run Behavior\ReadHtmlCacheBehavior [ RunTime:0.000276s ]
INFO: [ app_begin ] --END-- [ RunTime:0.000353s ]
SQL: SHOW COLUMNS FROM `tb_dic_manage` [ RunTime:0.0167s ]
SQL: SELECT * FROM `tb_dic_manage` WHERE `pid` = 1  [ RunTime:0.0003s ]
SQL: SELECT * FROM `tb_dic_manage` WHERE `pid` = 3  [ RunTime:0.0002s ]
SQL: SHOW COLUMNS FROM `tb_comp_reserve` [ RunTime:0.0099s ]
SQL: SELECT * FROM `tb_comp_reserve`  [ RunTime:0.0003s ]
NOTIC: [2] Missing argument 3 for Home\Controller\ManageController::storeManage(), called in D:\wamp\www\Apps\Home\Controller\ManageController.class.php on line 34 and defined D:\wamp\www\Apps\Home\Controller\ManageController.class.php 第 430 行.
SQL: SHOW COLUMNS FROM `tb_comp_reserve` [ RunTime:0.0042s ]
SQL: SELECT `store_num` FROM `tb_comp_reserve` WHERE `id` = 0 LIMIT 1   [ RunTime:0.0002s ]
NOTIC: [8] Undefined variable: mode D:\wamp\www\Apps\Home\Controller\ManageController.class.php 第 435 行.
SQL: UPDATE `tb_comp_reserve` SET `store_num`='-1' WHERE `id` = 0 [ RunTime:0.0002s ]
INFO: [ view_parse ] --START--
INFO: [ template_filter ] --START--
INFO: Run Behavior\ContentReplaceBehavior [ RunTime:0.000118s ]
INFO: [ template_filter ] --END-- [ RunTime:0.000201s ]
INFO: Run Behavior\ParseTemplateBehavior [ RunTime:0.085524s ]
INFO: [ view_parse ] --END-- [ RunTime:0.085620s ]
INFO: [ view_filter ] --START--
INFO: Run Behavior\WriteHtmlCacheBehavior [ RunTime:0.000184s ]
INFO: [ view_filter ] --END-- [ RunTime:0.000265s ]
INFO: [ app_end ] --START--
INFO: Run Behavior\ShowPageTraceBehavior [ RunTime:0.000315s ]
INFO: [ app_end ] --END-- [ RunTime:0.000399s ]

[ 2020-06-11T09:55:53+08:00 ] ::1 /index.php/Home/Manage/compOut.html
INFO: [ app_init ] --START--
INFO: Run Behavior\BuildLiteBehavior [ RunTime:0.000016s ]
INFO: [ app_init ] --END-- [ RunTime:0.000257s ]
INFO: [ app_begin ] --START--
INFO: Run Behavior\ReadHtmlCacheBehavior [ RunTime:0.000277s ]
INFO: [ app_begin ] --END-- [ RunTime:0.000355s ]
SQL: SHOW COLUMNS FROM `tb_comp_out` [ RunTime:0.0242s ]
SQL: SELECT * FROM `tb_comp_out` ORDER BY `date` desc  [ RunTime:0.0003s ]
SQL: SHOW COLUMNS FROM `tb_comp_reserve` [ RunTime:0.0103s ]
SQL: SELECT `type`,`name`,`standard`,`store_num`,`project_pact`,`comp_pact` FROM `tb_comp_reserve` WHERE ( 1=1 AND id='10' ) LIMIT 1   [ RunTime:0.0003s ]
SQL: SELECT * FROM `tb_comp_reserve`  [ RunTime:0.0003s ]
SQL: SHOW COLUMNS FROM `tb_dic_manage` [ RunTime:0.0098s ]
SQL: SELECT * FROM `tb_dic_manage` WHERE `pid` = 1  [ RunTime:0.0003s ]
SQL: SELECT * FROM `tb_dic_manage` WHERE `pid` = 3  [ RunTime:0.0002s ]
INFO: [ view_parse ] --START--
INFO: [ template_filter ] --START--
INFO: Run Behavior\ContentReplaceBehavior [ RunTime:0.000071s ]
INFO: [ template_filter ] --END-- [ RunTime:0.000149s ]
INFO: Run Behavior\ParseTemplateBehavior [ RunTime:0.074159s ]
INFO: [ view_parse ] --END-- [ RunTime:0.074250s ]
INFO: [ view_filter ] --START--
INFO: Run Behavior\WriteHtmlCacheBehavior [ RunTime:0.000174s ]
INFO: [ view_filter ] --END-- [ RunTime:0.000250s ]
INFO: [ app_end ] --START--
INFO: Run Behavior\ShowPageTraceBehavior [ RunTime:0.000299s ]
INFO: [ app_end ] --END-- [ RunTime:0.000376s ]

[ 2020-06-11T09:55:56+08:00 ] ::1 /index.php/Home/Manage/compManage.html
INFO: [ app_init ] --START--
INFO: Run Behavior\BuildLiteBehavior [ RunTime:0.000016s ]
INFO: [ app_init ] --END-- [ RunTime:0.000293s ]
INFO: [ app_begin ] --START--
INFO: Run Behavior\ReadHtmlCacheBehavior [ RunTime:0.000273s ]
INFO: [ app_begin ] --END-- [ RunTime:0.000352s ]
SQL: SHOW COLUMNS FROM `tb_dic_manage` [ RunTime:0.0164s ]
SQL: SELECT * FROM `tb_dic_manage` WHERE `pid` = 1  [ RunTime:0.0003s ]
SQL: SELECT * FROM `tb_dic_manage` WHERE `pid` = 3  [ RunTime:0.0002s ]
SQL: SHOW COLUMNS FROM `tb_comp_reserve` [ RunTime:0.0102s ]
SQL: SELECT * FROM `tb_comp_reserve`  [ RunTime:0.0003s ]
NOTIC: [2] Missing argument 3 for Home\Controller\ManageController::storeManage(), called in D:\wamp\www\Apps\Home\Controller\ManageController.class.php on line 34 and defined D:\wamp\www\Apps\Home\Controller\ManageController.class.php 第 430 行.
SQL: SHOW COLUMNS FROM `tb_comp_reserve` [ RunTime:0.0042s ]
SQL: SELECT `store_num` FROM `tb_comp_reserve` WHERE `id` = 0 LIMIT 1   [ RunTime:0.0002s ]
NOTIC: [8] Undefined variable: mode D:\wamp\www\Apps\Home\Controller\ManageController.class.php 第 435 行.
SQL: UPDATE `tb_comp_reserve` SET `store_num`='-1' WHERE `id` = 0 [ RunTime:0.0002s ]
INFO: [ view_parse ] --START--
INFO: [ template_filter ] --START--
INFO: Run Behavior\ContentReplaceBehavior [ RunTime:0.000114s ]
INFO: [ template_filter ] --END-- [ RunTime:0.000199s ]
INFO: Run Behavior\ParseTemplateBehavior [ RunTime:0.083248s ]
INFO: [ view_parse ] --END-- [ RunTime:0.083340s ]
INFO: [ view_filter ] --START--
INFO: Run Behavior\WriteHtmlCacheBehavior [ RunTime:0.000175s ]
INFO: [ view_filter ] --END-- [ RunTime:0.000250s ]
INFO: [ app_end ] --START--
INFO: Run Behavior\ShowPageTraceBehavior [ RunTime:0.000302s ]
INFO: [ app_end ] --END-- [ RunTime:0.000380s ]

[ 2020-06-11T09:55:57+08:00 ] ::1 /index.php/Home/Manage/readCompDetail.html
INFO: [ app_init ] --START--
INFO: Run Behavior\BuildLiteBehavior [ RunTime:0.000036s ]
INFO: [ app_init ] --END-- [ RunTime:0.000532s ]
INFO: [ app_begin ] --START--
INFO: Run Behavior\ReadHtmlCacheBehavior [ RunTime:0.000855s ]
INFO: [ app_begin ] --END-- [ RunTime:0.001038s ]
NOTIC: [8] Undefined variable: dicProducer D:\wamp\www\Apps\Home\Controller\ManageController.class.php 第 64 行.
NOTIC: [8] Undefined variable: dicConnecttype D:\wamp\www\Apps\Home\Controller\ManageController.class.php 第 65 行.
SQL: SHOW COLUMNS FROM `tb_comp_reserve` [ RunTime:0.0301s ]
SQL: SELECT * FROM `tb_comp_reserve` WHERE `id` = 10 LIMIT 1   [ RunTime:0.0003s ]

[ 2020-06-11T09:56:02+08:00 ] ::1 /index.php/Home/Manage/compManageEdit/id/10.html
INFO: [ app_init ] --START--
INFO: Run Behavior\BuildLiteBehavior [ RunTime:0.000038s ]
INFO: [ app_init ] --END-- [ RunTime:0.000511s ]
INFO: [ app_begin ] --START--
INFO: Run Behavior\ReadHtmlCacheBehavior [ RunTime:0.000513s ]
INFO: [ app_begin ] --END-- [ RunTime:0.000711s ]
SQL: SHOW COLUMNS FROM `tb_dic_manage` [ RunTime:0.0162s ]
SQL: SELECT * FROM `tb_dic_manage` WHERE `pid` = 1  [ RunTime:0.0003s ]
SQL: SELECT * FROM `tb_dic_manage` WHERE `pid` = 3  [ RunTime:0.0002s ]
SQL: SHOW COLUMNS FROM `tb_comp_reserve` [ RunTime:0.0098s ]
SQL: SELECT * FROM `tb_comp_reserve` WHERE `id` = 10  [ RunTime:0.0003s ]
INFO: [ view_parse ] --START--
INFO: [ template_filter ] --START--
INFO: Run Behavior\ContentReplaceBehavior [ RunTime:0.000078s ]
INFO: [ template_filter ] --END-- [ RunTime:0.000172s ]
INFO: Run Behavior\ParseTemplateBehavior [ RunTime:0.075463s ]
INFO: [ view_parse ] --END-- [ RunTime:0.075559s ]
INFO: [ view_filter ] --START--
INFO: Run Behavior\WriteHtmlCacheBehavior [ RunTime:0.000181s ]
INFO: [ view_filter ] --END-- [ RunTime:0.000262s ]
INFO: [ app_end ] --START--
INFO: Run Behavior\ShowPageTraceBehavior [ RunTime:0.000321s ]
INFO: [ app_end ] --END-- [ RunTime:0.000407s ]

[ 2020-06-11T09:56:06+08:00 ] ::1 /index.php/Home/Manage/editComp.html
INFO: [ app_init ] --START--
INFO: Run Behavior\BuildLiteBehavior [ RunTime:0.000033s ]
INFO: [ app_init ] --END-- [ RunTime:0.000784s ]
INFO: [ app_begin ] --START--
INFO: Run Behavior\ReadHtmlCacheBehavior [ RunTime:0.000510s ]
INFO: [ app_begin ] --END-- [ RunTime:0.000618s ]
SQL: SHOW COLUMNS FROM `tb_comp_reserve` [ RunTime:0.0238s ]
SQL: UPDATE `tb_comp_reserve` SET `type`='10',`name`='钽电容',`standard`='CAK45A-H-50V-10UF-K',`grade`='GJB（M）/K',`store_num`='9',`producer`='1',`project_pact`='02批',`comp_pact`='G20200405',`comp_price`='35.00',`bargain_num`='CK2019-HT20',`certification_num`='YZX241491',`mark`='test' WHERE `id` = '10' [ RunTime:0.0018s ]

[ 2020-06-11T09:56:08+08:00 ] ::1 /index.php/Home/Manage/compManageEdit/id/10.html
INFO: [ app_init ] --START--
INFO: Run Behavior\BuildLiteBehavior [ RunTime:0.000019s ]
INFO: [ app_init ] --END-- [ RunTime:0.000336s ]
INFO: [ app_begin ] --START--
INFO: Run Behavior\ReadHtmlCacheBehavior [ RunTime:0.000504s ]
INFO: [ app_begin ] --END-- [ RunTime:0.000732s ]
SQL: SHOW COLUMNS FROM `tb_dic_manage` [ RunTime:0.0393s ]
SQL: SELECT * FROM `tb_dic_manage` WHERE `pid` = 1  [ RunTime:0.0003s ]
SQL: SELECT * FROM `tb_dic_manage` WHERE `pid` = 3  [ RunTime:0.0002s ]
SQL: SHOW COLUMNS FROM `tb_comp_reserve` [ RunTime:0.0164s ]
SQL: SELECT * FROM `tb_comp_reserve` WHERE `id` = 10  [ RunTime:0.0003s ]
INFO: [ view_parse ] --START--
INFO: [ template_filter ] --START--
INFO: Run Behavior\ContentReplaceBehavior [ RunTime:0.000085s ]
INFO: [ template_filter ] --END-- [ RunTime:0.000200s ]
INFO: Run Behavior\ParseTemplateBehavior [ RunTime:0.094975s ]
INFO: [ view_parse ] --END-- [ RunTime:0.095091s ]
INFO: [ view_filter ] --START--
INFO: Run Behavior\WriteHtmlCacheBehavior [ RunTime:0.000177s ]
INFO: [ view_filter ] --END-- [ RunTime:0.000253s ]
INFO: [ app_end ] --START--
INFO: Run Behavior\ShowPageTraceBehavior [ RunTime:0.000323s ]
INFO: [ app_end ] --END-- [ RunTime:0.000403s ]

[ 2020-06-11T09:56:12+08:00 ] ::1 /index.php/Home/Manage/editComp.html
INFO: [ app_init ] --START--
INFO: Run Behavior\BuildLiteBehavior [ RunTime:0.000168s ]
INFO: [ app_init ] --END-- [ RunTime:0.002289s ]
INFO: [ app_begin ] --START--
INFO: Run Behavior\ReadHtmlCacheBehavior [ RunTime:0.000331s ]
INFO: [ app_begin ] --END-- [ RunTime:0.000397s ]
SQL: SHOW COLUMNS FROM `tb_comp_reserve` [ RunTime:0.0274s ]
SQL: UPDATE `tb_comp_reserve` SET `type`='10',`name`='钽电容',`standard`='CAK45A-H-50V-10UF-K',`grade`='GJB（M）/K',`store_num`='9',`producer`='1',`project_pact`='02批',`comp_pact`='G20200405',`comp_price`='35.00',`bargain_num`='CK2019-HT20',`certification_num`='YZX241491',`mark`='test1' WHERE `id` = '10' [ RunTime:0.0018s ]

[ 2020-06-11T09:56:13+08:00 ] ::1 /index.php/Home/Manage/compManageEdit/id/10.html
INFO: [ app_init ] --START--
INFO: Run Behavior\BuildLiteBehavior [ RunTime:0.000041s ]
INFO: [ app_init ] --END-- [ RunTime:0.000711s ]
INFO: [ app_begin ] --START--
INFO: Run Behavior\ReadHtmlCacheBehavior [ RunTime:0.000610s ]
INFO: [ app_begin ] --END-- [ RunTime:0.000745s ]
SQL: SHOW COLUMNS FROM `tb_dic_manage` [ RunTime:0.0252s ]
SQL: SELECT * FROM `tb_dic_manage` WHERE `pid` = 1  [ RunTime:0.0003s ]
SQL: SELECT * FROM `tb_dic_manage` WHERE `pid` = 3  [ RunTime:0.0003s ]
SQL: SHOW COLUMNS FROM `tb_comp_reserve` [ RunTime:0.0208s ]
SQL: SELECT * FROM `tb_comp_reserve` WHERE `id` = 10  [ RunTime:0.0005s ]
INFO: [ view_parse ] --START--
INFO: [ template_filter ] --START--
INFO: Run Behavior\ContentReplaceBehavior [ RunTime:0.000085s ]
INFO: [ template_filter ] --END-- [ RunTime:0.000166s ]
INFO: Run Behavior\ParseTemplateBehavior [ RunTime:0.013229s ]
INFO: [ view_parse ] --END-- [ RunTime:0.013587s ]
INFO: [ view_filter ] --START--
INFO: Run Behavior\WriteHtmlCacheBehavior [ RunTime:0.001095s ]
INFO: [ view_filter ] --END-- [ RunTime:0.001399s ]
INFO: [ app_end ] --START--
INFO: Run Behavior\ShowPageTraceBehavior [ RunTime:0.000723s ]
INFO: [ app_end ] --END-- [ RunTime:0.000913s ]

[ 2020-06-11T09:56:14+08:00 ] ::1 /index.php/Home/Manage/compManage.html
INFO: [ app_init ] --START--
INFO: Run Behavior\BuildLiteBehavior [ RunTime:0.000025s ]
INFO: [ app_init ] --END-- [ RunTime:0.000286s ]
INFO: [ app_begin ] --START--
INFO: Run Behavior\ReadHtmlCacheBehavior [ RunTime:0.000300s ]
INFO: [ app_begin ] --END-- [ RunTime:0.000384s ]
SQL: SHOW COLUMNS FROM `tb_dic_manage` [ RunTime:0.0174s ]
SQL: SELECT * FROM `tb_dic_manage` WHERE `pid` = 1  [ RunTime:0.0003s ]
SQL: SELECT * FROM `tb_dic_manage` WHERE `pid` = 3  [ RunTime:0.0002s ]
SQL: SHOW COLUMNS FROM `tb_comp_reserve` [ RunTime:0.0104s ]
SQL: SELECT * FROM `tb_comp_reserve`  [ RunTime:0.0003s ]
NOTIC: [2] Missing argument 3 for Home\Controller\ManageController::storeManage(), called in D:\wamp\www\Apps\Home\Controller\ManageController.class.php on line 34 and defined D:\wamp\www\Apps\Home\Controller\ManageController.class.php 第 430 行.
SQL: SHOW COLUMNS FROM `tb_comp_reserve` [ RunTime:0.0045s ]
SQL: SELECT `store_num` FROM `tb_comp_reserve` WHERE `id` = 0 LIMIT 1   [ RunTime:0.0002s ]
NOTIC: [8] Undefined variable: mode D:\wamp\www\Apps\Home\Controller\ManageController.class.php 第 435 行.
SQL: UPDATE `tb_comp_reserve` SET `store_num`='-1' WHERE `id` = 0 [ RunTime:0.0002s ]
INFO: [ view_parse ] --START--
INFO: [ template_filter ] --START--
INFO: Run Behavior\ContentReplaceBehavior [ RunTime:0.000119s ]
INFO: [ template_filter ] --END-- [ RunTime:0.000204s ]
INFO: Run Behavior\ParseTemplateBehavior [ RunTime:0.087122s ]
INFO: [ view_parse ] --END-- [ RunTime:0.087215s ]
INFO: [ view_filter ] --START--
INFO: Run Behavior\WriteHtmlCacheBehavior [ RunTime:0.000192s ]
INFO: [ view_filter ] --END-- [ RunTime:0.000274s ]
INFO: [ app_end ] --START--
INFO: Run Behavior\ShowPageTraceBehavior [ RunTime:0.000319s ]
INFO: [ app_end ] --END-- [ RunTime:0.000403s ]

[ 2020-06-11T09:56:43+08:00 ] ::1 /index.php/Home/Manage/compManage.html
INFO: [ app_init ] --START--
INFO: Run Behavior\BuildLiteBehavior [ RunTime:0.000024s ]
INFO: [ app_init ] --END-- [ RunTime:0.000395s ]
INFO: [ app_begin ] --START--
INFO: Run Behavior\ReadHtmlCacheBehavior [ RunTime:0.000369s ]
INFO: [ app_begin ] --END-- [ RunTime:0.000496s ]
SQL: SHOW COLUMNS FROM `tb_dic_manage` [ RunTime:0.0172s ]
SQL: SELECT * FROM `tb_dic_manage` WHERE `pid` = 1  [ RunTime:0.0003s ]
SQL: SELECT * FROM `tb_dic_manage` WHERE `pid` = 3  [ RunTime:0.0002s ]
SQL: SHOW COLUMNS FROM `tb_comp_reserve` [ RunTime:0.0106s ]
SQL: SELECT * FROM `tb_comp_reserve`  [ RunTime:0.0003s ]
NOTIC: [2] Missing argument 3 for Home\Controller\ManageController::storeManage(), called in D:\wamp\www\Apps\Home\Controller\ManageController.class.php on line 34 and defined D:\wamp\www\Apps\Home\Controller\ManageController.class.php 第 430 行.
SQL: SHOW COLUMNS FROM `tb_comp_reserve` [ RunTime:0.0049s ]
SQL: SELECT `store_num` FROM `tb_comp_reserve` WHERE `id` = 0 LIMIT 1   [ RunTime:0.0002s ]
NOTIC: [8] Undefined variable: mode D:\wamp\www\Apps\Home\Controller\ManageController.class.php 第 435 行.
SQL: UPDATE `tb_comp_reserve` SET `store_num`='-1' WHERE `id` = 0 [ RunTime:0.0002s ]
INFO: [ view_parse ] --START--
INFO: [ template_filter ] --START--
INFO: Run Behavior\ContentReplaceBehavior [ RunTime:0.000152s ]
INFO: [ template_filter ] --END-- [ RunTime:0.000248s ]
INFO: Run Behavior\ParseTemplateBehavior [ RunTime:0.085504s ]
INFO: [ view_parse ] --END-- [ RunTime:0.085593s ]
INFO: [ view_filter ] --START--
INFO: Run Behavior\WriteHtmlCacheBehavior [ RunTime:0.000176s ]
INFO: [ view_filter ] --END-- [ RunTime:0.000257s ]
INFO: [ app_end ] --START--
INFO: Run Behavior\ShowPageTraceBehavior [ RunTime:0.000473s ]
INFO: [ app_end ] --END-- [ RunTime:0.000602s ]

[ 2020-06-11T09:56:44+08:00 ] ::1 /index.php/Home/Manage/compIn.html
INFO: [ app_init ] --START--
INFO: Run Behavior\BuildLiteBehavior [ RunTime:0.000017s ]
INFO: [ app_init ] --END-- [ RunTime:0.000272s ]
INFO: [ app_begin ] --START--
INFO: Run Behavior\ReadHtmlCacheBehavior [ RunTime:0.000286s ]
INFO: [ app_begin ] --END-- [ RunTime:0.000368s ]
SQL: SHOW COLUMNS FROM `tb_comp_in` [ RunTime:0.0188s ]
SQL: SELECT * FROM `tb_comp_in`  [ RunTime:0.0003s ]
SQL: SHOW COLUMNS FROM `tb_comp_reserve` [ RunTime:0.0104s ]
SQL: SELECT `type`,`name`,`standard`,`store_num`,`project_pact`,`comp_pact` FROM `tb_comp_reserve` WHERE ( 1=1 AND id='10' ) LIMIT 1   [ RunTime:0.0003s ]
SQL: SELECT * FROM `tb_comp_reserve`  [ RunTime:0.0002s ]
SQL: SHOW COLUMNS FROM `tb_dic_manage` [ RunTime:0.0096s ]
SQL: SELECT * FROM `tb_dic_manage` WHERE `pid` = 1  [ RunTime:0.0003s ]
SQL: SELECT * FROM `tb_dic_manage` WHERE `pid` = 3  [ RunTime:0.0002s ]
INFO: [ view_parse ] --START--
INFO: [ template_filter ] --START--
INFO: Run Behavior\ContentReplaceBehavior [ RunTime:0.000072s ]
INFO: [ template_filter ] --END-- [ RunTime:0.000153s ]
INFO: Run Behavior\ParseTemplateBehavior [ RunTime:0.074592s ]
INFO: [ view_parse ] --END-- [ RunTime:0.074685s ]
INFO: [ view_filter ] --START--
INFO: Run Behavior\WriteHtmlCacheBehavior [ RunTime:0.000179s ]
INFO: [ view_filter ] --END-- [ RunTime:0.000255s ]
INFO: [ app_end ] --START--
INFO: Run Behavior\ShowPageTraceBehavior [ RunTime:0.000329s ]
INFO: [ app_end ] --END-- [ RunTime:0.000408s ]

[ 2020-06-11T09:56:45+08:00 ] ::1 /index.php/Home/Manage/compOut.html
INFO: [ app_init ] --START--
INFO: Run Behavior\BuildLiteBehavior [ RunTime:0.000019s ]
INFO: [ app_init ] --END-- [ RunTime:0.000293s ]
INFO: [ app_begin ] --START--
INFO: Run Behavior\ReadHtmlCacheBehavior [ RunTime:0.000319s ]
INFO: [ app_begin ] --END-- [ RunTime:0.000407s ]
SQL: SHOW COLUMNS FROM `tb_comp_out` [ RunTime:0.0180s ]
SQL: SELECT * FROM `tb_comp_out` ORDER BY `date` desc  [ RunTime:0.0003s ]
SQL: SHOW COLUMNS FROM `tb_comp_reserve` [ RunTime:0.0101s ]
SQL: SELECT `type`,`name`,`standard`,`store_num`,`project_pact`,`comp_pact` FROM `tb_comp_reserve` WHERE ( 1=1 AND id='10' ) LIMIT 1   [ RunTime:0.0003s ]
SQL: SELECT * FROM `tb_comp_reserve`  [ RunTime:0.0002s ]
SQL: SHOW COLUMNS FROM `tb_dic_manage` [ RunTime:0.0102s ]
SQL: SELECT * FROM `tb_dic_manage` WHERE `pid` = 1  [ RunTime:0.0003s ]
SQL: SELECT * FROM `tb_dic_manage` WHERE `pid` = 3  [ RunTime:0.0002s ]
INFO: [ view_parse ] --START--
INFO: [ template_filter ] --START--
INFO: Run Behavior\ContentReplaceBehavior [ RunTime:0.000081s ]
INFO: [ template_filter ] --END-- [ RunTime:0.000165s ]
INFO: Run Behavior\ParseTemplateBehavior [ RunTime:0.075902s ]
INFO: [ view_parse ] --END-- [ RunTime:0.076004s ]
INFO: [ view_filter ] --START--
INFO: Run Behavior\WriteHtmlCacheBehavior [ RunTime:0.000185s ]
INFO: [ view_filter ] --END-- [ RunTime:0.000264s ]
INFO: [ app_end ] --START--
INFO: Run Behavior\ShowPageTraceBehavior [ RunTime:0.000308s ]
INFO: [ app_end ] --END-- [ RunTime:0.000392s ]

[ 2020-06-11T09:56:47+08:00 ] ::1 /index.php/Home/Manage/index.html
INFO: [ app_init ] --START--
INFO: Run Behavior\BuildLiteBehavior [ RunTime:0.000015s ]
INFO: [ app_init ] --END-- [ RunTime:0.000252s ]
INFO: [ app_begin ] --START--
INFO: Run Behavior\ReadHtmlCacheBehavior [ RunTime:0.000267s ]
INFO: [ app_begin ] --END-- [ RunTime:0.000345s ]
INFO: [ view_parse ] --START--
INFO: [ template_filter ] --START--
INFO: Run Behavior\ContentReplaceBehavior [ RunTime:0.000043s ]
INFO: [ template_filter ] --END-- [ RunTime:0.000119s ]
INFO: Run Behavior\ParseTemplateBehavior [ RunTime:0.004322s ]
INFO: [ view_parse ] --END-- [ RunTime:0.004415s ]
INFO: [ view_filter ] --START--
INFO: Run Behavior\WriteHtmlCacheBehavior [ RunTime:0.000154s ]
INFO: [ view_filter ] --END-- [ RunTime:0.000240s ]
INFO: [ app_end ] --START--
INFO: Run Behavior\ShowPageTraceBehavior [ RunTime:0.000280s ]
INFO: [ app_end ] --END-- [ RunTime:0.000354s ]

[ 2020-06-11T09:56:49+08:00 ] ::1 /index.php/Home/Manage/compManage.html
INFO: [ app_init ] --START--
INFO: Run Behavior\BuildLiteBehavior [ RunTime:0.000019s ]
INFO: [ app_init ] --END-- [ RunTime:0.000309s ]
INFO: [ app_begin ] --START--
INFO: Run Behavior\ReadHtmlCacheBehavior [ RunTime:0.000306s ]
INFO: [ app_begin ] --END-- [ RunTime:0.000400s ]
SQL: SHOW COLUMNS FROM `tb_dic_manage` [ RunTime:0.0189s ]
SQL: SELECT * FROM `tb_dic_manage` WHERE `pid` = 1  [ RunTime:0.0003s ]
SQL: SELECT * FROM `tb_dic_manage` WHERE `pid` = 3  [ RunTime:0.0002s ]
SQL: SHOW COLUMNS FROM `tb_comp_reserve` [ RunTime:0.0100s ]
SQL: SELECT * FROM `tb_comp_reserve`  [ RunTime:0.0003s ]
NOTIC: [2] Missing argument 3 for Home\Controller\ManageController::storeManage(), called in D:\wamp\www\Apps\Home\Controller\ManageController.class.php on line 34 and defined D:\wamp\www\Apps\Home\Controller\ManageController.class.php 第 430 行.
SQL: SHOW COLUMNS FROM `tb_comp_reserve` [ RunTime:0.0045s ]
SQL: SELECT `store_num` FROM `tb_comp_reserve` WHERE `id` = 0 LIMIT 1   [ RunTime:0.0002s ]
NOTIC: [8] Undefined variable: mode D:\wamp\www\Apps\Home\Controller\ManageController.class.php 第 435 行.
SQL: UPDATE `tb_comp_reserve` SET `store_num`='-1' WHERE `id` = 0 [ RunTime:0.0002s ]
INFO: [ view_parse ] --START--
INFO: [ template_filter ] --START--
INFO: Run Behavior\ContentReplaceBehavior [ RunTime:0.000147s ]
INFO: [ template_filter ] --END-- [ RunTime:0.000228s ]
INFO: Run Behavior\ParseTemplateBehavior [ RunTime:0.086462s ]
INFO: [ view_parse ] --END-- [ RunTime:0.086552s ]
INFO: [ view_filter ] --START--
INFO: Run Behavior\WriteHtmlCacheBehavior [ RunTime:0.000169s ]
INFO: [ view_filter ] --END-- [ RunTime:0.000244s ]
INFO: [ app_end ] --START--
INFO: Run Behavior\ShowPageTraceBehavior [ RunTime:0.000302s ]
INFO: [ app_end ] --END-- [ RunTime:0.000379s ]

[ 2020-06-11T09:57:03+08:00 ] ::1 /index.php/Home/PHPExcel/upload.html
INFO: [ app_init ] --START--
INFO: Run Behavior\BuildLiteBehavior [ RunTime:0.000018s ]
INFO: [ app_init ] --END-- [ RunTime:0.000317s ]
INFO: [ app_begin ] --START--
INFO: Run Behavior\ReadHtmlCacheBehavior [ RunTime:0.000294s ]
INFO: [ app_begin ] --END-- [ RunTime:0.000365s ]
NOTIC: [8] Use of undefined constant status - assumed 'status' D:\wamp\www\Apps\Home\Controller\PHPExcelController.class.php 第 24 行.
NOTIC: [8] Use of undefined constant msg - assumed 'msg' D:\wamp\www\Apps\Home\Controller\PHPExcelController.class.php 第 24 行.

[ 2020-06-11T09:57:05+08:00 ] ::1 /index.php/Home/Manage/compManage.html
INFO: [ app_init ] --START--
INFO: Run Behavior\BuildLiteBehavior [ RunTime:0.000032s ]
INFO: [ app_init ] --END-- [ RunTime:0.000316s ]
INFO: [ app_begin ] --START--
INFO: Run Behavior\ReadHtmlCacheBehavior [ RunTime:0.000277s ]
INFO: [ app_begin ] --END-- [ RunTime:0.000356s ]
SQL: SHOW COLUMNS FROM `tb_dic_manage` [ RunTime:0.0291s ]
SQL: SELECT * FROM `tb_dic_manage` WHERE `pid` = 1  [ RunTime:0.0003s ]
SQL: SELECT * FROM `tb_dic_manage` WHERE `pid` = 3  [ RunTime:0.0002s ]
SQL: SHOW COLUMNS FROM `tb_comp_reserve` [ RunTime:0.0174s ]
SQL: SELECT * FROM `tb_comp_reserve`  [ RunTime:0.0003s ]
NOTIC: [2] Missing argument 3 for Home\Controller\ManageController::storeManage(), called in D:\wamp\www\Apps\Home\Controller\ManageController.class.php on line 34 and defined D:\wamp\www\Apps\Home\Controller\ManageController.class.php 第 430 行.
SQL: SHOW COLUMNS FROM `tb_comp_reserve` [ RunTime:0.0121s ]
SQL: SELECT `store_num` FROM `tb_comp_reserve` WHERE `id` = 0 LIMIT 1   [ RunTime:0.0002s ]
NOTIC: [8] Undefined variable: mode D:\wamp\www\Apps\Home\Controller\ManageController.class.php 第 435 行.
SQL: UPDATE `tb_comp_reserve` SET `store_num`='-1' WHERE `id` = 0 [ RunTime:0.0002s ]
INFO: [ view_parse ] --START--
INFO: [ template_filter ] --START--
INFO: Run Behavior\ContentReplaceBehavior [ RunTime:0.000158s ]
INFO: [ template_filter ] --END-- [ RunTime:0.000253s ]
INFO: Run Behavior\ParseTemplateBehavior [ RunTime:0.143686s ]
INFO: [ view_parse ] --END-- [ RunTime:0.143780s ]
INFO: [ view_filter ] --START--
INFO: Run Behavior\WriteHtmlCacheBehavior [ RunTime:0.000179s ]
INFO: [ view_filter ] --END-- [ RunTime:0.000259s ]
INFO: [ app_end ] --START--
INFO: Run Behavior\ShowPageTraceBehavior [ RunTime:0.000313s ]
INFO: [ app_end ] --END-- [ RunTime:0.000398s ]

[ 2020-06-11T09:57:49+08:00 ] ::1 /index.php/Home/Manage/compManage.html
INFO: [ app_init ] --START--
INFO: Run Behavior\BuildLiteBehavior [ RunTime:0.000017s ]
INFO: [ app_init ] --END-- [ RunTime:0.000298s ]
INFO: [ app_begin ] --START--
INFO: Run Behavior\ReadHtmlCacheBehavior [ RunTime:0.000292s ]
INFO: [ app_begin ] --END-- [ RunTime:0.000376s ]
SQL: SHOW COLUMNS FROM `tb_dic_manage` [ RunTime:0.0257s ]
SQL: SELECT * FROM `tb_dic_manage` WHERE `pid` = 1  [ RunTime:0.0003s ]
SQL: SELECT * FROM `tb_dic_manage` WHERE `pid` = 3  [ RunTime:0.0002s ]
SQL: SHOW COLUMNS FROM `tb_comp_reserve` [ RunTime:0.0114s ]
SQL: SELECT * FROM `tb_comp_reserve`  [ RunTime:0.0003s ]
NOTIC: [2] Missing argument 3 for Home\Controller\ManageController::storeManage(), called in D:\wamp\www\Apps\Home\Controller\ManageController.class.php on line 34 and defined D:\wamp\www\Apps\Home\Controller\ManageController.class.php 第 430 行.
SQL: SHOW COLUMNS FROM `tb_comp_reserve` [ RunTime:0.0055s ]
SQL: SELECT `store_num` FROM `tb_comp_reserve` WHERE `id` = 0 LIMIT 1   [ RunTime:0.0004s ]
NOTIC: [8] Undefined variable: mode D:\wamp\www\Apps\Home\Controller\ManageController.class.php 第 435 行.
SQL: UPDATE `tb_comp_reserve` SET `store_num`='-1' WHERE `id` = 0 [ RunTime:0.0005s ]
INFO: [ view_parse ] --START--
INFO: [ template_filter ] --START--
INFO: Run Behavior\ContentReplaceBehavior [ RunTime:0.000289s ]
INFO: [ template_filter ] --END-- [ RunTime:0.000495s ]
INFO: Run Behavior\ParseTemplateBehavior [ RunTime:0.100135s ]
INFO: [ view_parse ] --END-- [ RunTime:0.100300s ]
INFO: [ view_filter ] --START--
INFO: Run Behavior\WriteHtmlCacheBehavior [ RunTime:0.000188s ]
INFO: [ view_filter ] --END-- [ RunTime:0.000272s ]
INFO: [ app_end ] --START--
INFO: Run Behavior\ShowPageTraceBehavior [ RunTime:0.000457s ]
INFO: [ app_end ] --END-- [ RunTime:0.000601s ]

[ 2020-06-11T09:57:49+08:00 ] ::1 /index.php/Home/Manage/compOut.html
INFO: [ app_init ] --START--
INFO: Run Behavior\BuildLiteBehavior [ RunTime:0.000021s ]
INFO: [ app_init ] --END-- [ RunTime:0.000343s ]
INFO: [ app_begin ] --START--
INFO: Run Behavior\ReadHtmlCacheBehavior [ RunTime:0.000350s ]
INFO: [ app_begin ] --END-- [ RunTime:0.000453s ]
SQL: SHOW COLUMNS FROM `tb_comp_out` [ RunTime:0.0120s ]
SQL: SELECT * FROM `tb_comp_out` ORDER BY `date` desc  [ RunTime:0.0003s ]
SQL: SHOW COLUMNS FROM `tb_comp_reserve` [ RunTime:0.0054s ]
SQL: SELECT `type`,`name`,`standard`,`store_num`,`project_pact`,`comp_pact` FROM `tb_comp_reserve` WHERE ( 1=1 AND id='10' ) LIMIT 1   [ RunTime:0.0003s ]
SQL: SELECT * FROM `tb_comp_reserve`  [ RunTime:0.0002s ]
SQL: SHOW COLUMNS FROM `tb_dic_manage` [ RunTime:0.0073s ]
SQL: SELECT * FROM `tb_dic_manage` WHERE `pid` = 1  [ RunTime:0.0003s ]
SQL: SELECT * FROM `tb_dic_manage` WHERE `pid` = 3  [ RunTime:0.0002s ]
INFO: [ view_parse ] --START--
INFO: [ template_filter ] --START--
INFO: Run Behavior\ContentReplaceBehavior [ RunTime:0.000095s ]
INFO: [ template_filter ] --END-- [ RunTime:0.000199s ]
INFO: Run Behavior\ParseTemplateBehavior [ RunTime:0.095719s ]
INFO: [ view_parse ] --END-- [ RunTime:0.095860s ]
INFO: [ view_filter ] --START--
INFO: Run Behavior\WriteHtmlCacheBehavior [ RunTime:0.000302s ]
INFO: [ view_filter ] --END-- [ RunTime:0.000445s ]
INFO: [ app_end ] --START--
INFO: Run Behavior\ShowPageTraceBehavior [ RunTime:0.000494s ]
INFO: [ app_end ] --END-- [ RunTime:0.000640s ]

[ 2020-06-11T09:57:52+08:00 ] ::1 /index.php/Home/Index/loginIndex.html
INFO: [ app_init ] --START--
INFO: Run Behavior\BuildLiteBehavior [ RunTime:0.000033s ]
INFO: [ app_init ] --END-- [ RunTime:0.000445s ]
INFO: [ app_begin ] --START--
INFO: Run Behavior\ReadHtmlCacheBehavior [ RunTime:0.000484s ]
INFO: [ app_begin ] --END-- [ RunTime:0.000656s ]
INFO: [ view_parse ] --START--
INFO: [ template_filter ] --START--
INFO: Run Behavior\ContentReplaceBehavior [ RunTime:0.000091s ]
INFO: [ template_filter ] --END-- [ RunTime:0.000174s ]
INFO: Run Behavior\ParseTemplateBehavior [ RunTime:0.009354s ]
INFO: [ view_parse ] --END-- [ RunTime:0.009477s ]
INFO: [ view_filter ] --START--
INFO: Run Behavior\WriteHtmlCacheBehavior [ RunTime:0.000148s ]
INFO: [ view_filter ] --END-- [ RunTime:0.000218s ]
INFO: [ app_end ] --START--
INFO: Run Behavior\ShowPageTraceBehavior [ RunTime:0.000309s ]
INFO: [ app_end ] --END-- [ RunTime:0.000386s ]

[ 2020-06-11T14:16:49+08:00 ] ::1 /
INFO: [ app_init ] --START--
INFO: Run Behavior\BuildLiteBehavior [ RunTime:0.000028s ]
INFO: [ app_init ] --END-- [ RunTime:0.022683s ]
INFO: [ app_begin ] --START--
INFO: Run Behavior\ReadHtmlCacheBehavior [ RunTime:0.025473s ]
INFO: [ app_begin ] --END-- [ RunTime:0.025606s ]

[ 2020-06-11T14:16:49+08:00 ] ::1 /index.php/Home/Index/loginIndex.html
INFO: [ app_init ] --START--
INFO: Run Behavior\BuildLiteBehavior [ RunTime:0.000024s ]
INFO: [ app_init ] --END-- [ RunTime:0.000355s ]
INFO: [ app_begin ] --START--
INFO: Run Behavior\ReadHtmlCacheBehavior [ RunTime:0.000492s ]
INFO: [ app_begin ] --END-- [ RunTime:0.000624s ]
INFO: [ view_parse ] --START--
INFO: [ template_filter ] --START--
INFO: Run Behavior\ContentReplaceBehavior [ RunTime:0.000804s ]
INFO: [ template_filter ] --END-- [ RunTime:0.000929s ]
INFO: Run Behavior\ParseTemplateBehavior [ RunTime:0.166845s ]
INFO: [ view_parse ] --END-- [ RunTime:0.166966s ]
INFO: [ view_filter ] --START--
INFO: Run Behavior\WriteHtmlCacheBehavior [ RunTime:0.001044s ]
INFO: [ view_filter ] --END-- [ RunTime:0.001148s ]
INFO: [ app_end ] --START--
INFO: Run Behavior\ShowPageTraceBehavior [ RunTime:0.001109s ]
INFO: [ app_end ] --END-- [ RunTime:0.001218s ]

[ 2020-06-11T14:16:51+08:00 ] ::1 /index.php/Home/Index/check_user
INFO: [ app_init ] --START--
INFO: Run Behavior\BuildLiteBehavior [ RunTime:0.000017s ]
INFO: [ app_init ] --END-- [ RunTime:0.000275s ]
INFO: [ app_begin ] --START--
INFO: Run Behavior\ReadHtmlCacheBehavior [ RunTime:0.000279s ]
INFO: [ app_begin ] --END-- [ RunTime:0.000352s ]
SQL: SHOW COLUMNS FROM `tb_user` [ RunTime:0.0439s ]
SQL: SELECT * FROM `tb_user` WHERE `username` = 'xmd' LIMIT 1   [ RunTime:0.0027s ]

[ 2020-06-11T14:16:51+08:00 ] ::1 /index.php/Home/Index/check_user.html
INFO: [ app_init ] --START--
INFO: Run Behavior\BuildLiteBehavior [ RunTime:0.000018s ]
INFO: [ app_init ] --END-- [ RunTime:0.000304s ]
INFO: [ app_begin ] --START--
INFO: Run Behavior\ReadHtmlCacheBehavior [ RunTime:0.000299s ]
INFO: [ app_begin ] --END-- [ RunTime:0.000375s ]
SQL: SHOW COLUMNS FROM `tb_user` [ RunTime:0.0048s ]
SQL: SELECT * FROM `tb_user` WHERE `username` = 'xmd' LIMIT 1   [ RunTime:0.0002s ]

[ 2020-06-11T14:16:51+08:00 ] ::1 /index.php/Home/Index/mainIndex.html
INFO: [ app_init ] --START--
INFO: Run Behavior\BuildLiteBehavior [ RunTime:0.000020s ]
INFO: [ app_init ] --END-- [ RunTime:0.000302s ]
INFO: [ app_begin ] --START--
INFO: Run Behavior\ReadHtmlCacheBehavior [ RunTime:0.000310s ]
INFO: [ app_begin ] --END-- [ RunTime:0.000401s ]
INFO: [ view_parse ] --START--
INFO: [ template_filter ] --START--
INFO: Run Behavior\ContentReplaceBehavior [ RunTime:0.000080s ]
INFO: [ template_filter ] --END-- [ RunTime:0.000175s ]
INFO: Run Behavior\ParseTemplateBehavior [ RunTime:0.071135s ]
INFO: [ view_parse ] --END-- [ RunTime:0.071234s ]
INFO: [ view_filter ] --START--
INFO: Run Behavior\WriteHtmlCacheBehavior [ RunTime:0.000188s ]
INFO: [ view_filter ] --END-- [ RunTime:0.000273s ]
INFO: [ app_end ] --START--
INFO: Run Behavior\ShowPageTraceBehavior [ RunTime:0.000354s ]
INFO: [ app_end ] --END-- [ RunTime:0.000469s ]

[ 2020-06-11T14:16:51+08:00 ] ::1 /index.php/Home/Index/compMain.html
INFO: [ app_init ] --START--
INFO: Run Behavior\BuildLiteBehavior [ RunTime:0.000045s ]
INFO: [ app_init ] --END-- [ RunTime:0.000698s ]
INFO: [ app_begin ] --START--
INFO: Run Behavior\ReadHtmlCacheBehavior [ RunTime:0.000511s ]
INFO: [ app_begin ] --END-- [ RunTime:0.000646s ]
INFO: [ view_parse ] --START--
INFO: [ template_filter ] --START--
INFO: Run Behavior\ContentReplaceBehavior [ RunTime:0.000090s ]
INFO: [ template_filter ] --END-- [ RunTime:0.000250s ]
INFO: Run Behavior\ParseTemplateBehavior [ RunTime:0.052839s ]
INFO: [ view_parse ] --END-- [ RunTime:0.052972s ]
INFO: [ view_filter ] --START--
INFO: Run Behavior\WriteHtmlCacheBehavior [ RunTime:0.000213s ]
INFO: [ view_filter ] --END-- [ RunTime:0.000309s ]
INFO: [ app_end ] --START--
INFO: Run Behavior\ShowPageTraceBehavior [ RunTime:0.000370s ]
INFO: [ app_end ] --END-- [ RunTime:0.000472s ]

[ 2020-06-11T14:16:51+08:00 ] ::1 /index.php/Home/Manage/index.html
INFO: [ app_init ] --START--
INFO: Run Behavior\BuildLiteBehavior [ RunTime:0.000023s ]
INFO: [ app_init ] --END-- [ RunTime:0.000364s ]
INFO: [ app_begin ] --START--
INFO: Run Behavior\ReadHtmlCacheBehavior [ RunTime:0.000427s ]
INFO: [ app_begin ] --END-- [ RunTime:0.000546s ]
INFO: [ view_parse ] --START--
INFO: [ template_filter ] --START--
INFO: Run Behavior\ContentReplaceBehavior [ RunTime:0.000073s ]
INFO: [ template_filter ] --END-- [ RunTime:0.000194s ]
INFO: Run Behavior\ParseTemplateBehavior [ RunTime:0.023745s ]
INFO: [ view_parse ] --END-- [ RunTime:0.023874s ]
INFO: [ view_filter ] --START--
INFO: Run Behavior\WriteHtmlCacheBehavior [ RunTime:0.000226s ]
INFO: [ view_filter ] --END-- [ RunTime:0.000331s ]
INFO: [ app_end ] --START--
INFO: Run Behavior\ShowPageTraceBehavior [ RunTime:0.000401s ]
INFO: [ app_end ] --END-- [ RunTime:0.000510s ]

[ 2020-06-11T14:16:53+08:00 ] ::1 /index.php/Home/Manage/compManage.html
INFO: [ app_init ] --START--
INFO: Run Behavior\BuildLiteBehavior [ RunTime:0.000018s ]
INFO: [ app_init ] --END-- [ RunTime:0.000271s ]
INFO: [ app_begin ] --START--
INFO: Run Behavior\ReadHtmlCacheBehavior [ RunTime:0.000282s ]
INFO: [ app_begin ] --END-- [ RunTime:0.000368s ]
SQL: SHOW COLUMNS FROM `tb_dic_manage` [ RunTime:0.0310s ]
SQL: SELECT * FROM `tb_dic_manage` WHERE `pid` = 1  [ RunTime:0.0003s ]
SQL: SELECT * FROM `tb_dic_manage` WHERE `pid` = 3  [ RunTime:0.0002s ]
SQL: SHOW COLUMNS FROM `tb_comp_reserve` [ RunTime:0.0305s ]
SQL: SELECT * FROM `tb_comp_reserve`  [ RunTime:0.0008s ]
NOTIC: [2] Missing argument 3 for Home\Controller\ManageController::storeManage(), called in D:\wamp\www\Apps\Home\Controller\ManageController.class.php on line 34 and defined D:\wamp\www\Apps\Home\Controller\ManageController.class.php 第 430 行.
SQL: SHOW COLUMNS FROM `tb_comp_reserve` [ RunTime:0.0045s ]
SQL: SELECT `store_num` FROM `tb_comp_reserve` WHERE `id` = 0 LIMIT 1   [ RunTime:0.0002s ]
NOTIC: [8] Undefined variable: mode D:\wamp\www\Apps\Home\Controller\ManageController.class.php 第 435 行.
SQL: UPDATE `tb_comp_reserve` SET `store_num`='-1' WHERE `id` = 0 [ RunTime:0.0013s ]
INFO: [ view_parse ] --START--
INFO: [ template_filter ] --START--
INFO: Run Behavior\ContentReplaceBehavior [ RunTime:0.000155s ]
INFO: [ template_filter ] --END-- [ RunTime:0.000249s ]
INFO: Run Behavior\ParseTemplateBehavior [ RunTime:0.121097s ]
INFO: [ view_parse ] --END-- [ RunTime:0.121198s ]
INFO: [ view_filter ] --START--
INFO: Run Behavior\WriteHtmlCacheBehavior [ RunTime:0.000185s ]
INFO: [ view_filter ] --END-- [ RunTime:0.000267s ]
INFO: [ app_end ] --START--
INFO: Run Behavior\ShowPageTraceBehavior [ RunTime:0.000439s ]
INFO: [ app_end ] --END-- [ RunTime:0.000571s ]

[ 2020-06-11T14:16:53+08:00 ] ::1 /index.php/Home/Manage/compOut.html
INFO: [ app_init ] --START--
INFO: Run Behavior\BuildLiteBehavior [ RunTime:0.000021s ]
INFO: [ app_init ] --END-- [ RunTime:0.000332s ]
INFO: [ app_begin ] --START--
INFO: Run Behavior\ReadHtmlCacheBehavior [ RunTime:0.000335s ]
INFO: [ app_begin ] --END-- [ RunTime:0.000441s ]
SQL: SHOW COLUMNS FROM `tb_comp_out` [ RunTime:0.0206s ]
SQL: SELECT * FROM `tb_comp_out` ORDER BY `date` desc  [ RunTime:0.0009s ]
SQL: SHOW COLUMNS FROM `tb_comp_reserve` [ RunTime:0.0049s ]
SQL: SELECT `type`,`name`,`standard`,`store_num`,`project_pact`,`comp_pact` FROM `tb_comp_reserve` WHERE ( 1=1 AND id='10' ) LIMIT 1   [ RunTime:0.0005s ]
SQL: SELECT * FROM `tb_comp_reserve`  [ RunTime:0.0002s ]
SQL: SHOW COLUMNS FROM `tb_dic_manage` [ RunTime:0.0108s ]
SQL: SELECT * FROM `tb_dic_manage` WHERE `pid` = 1  [ RunTime:0.0003s ]
SQL: SELECT * FROM `tb_dic_manage` WHERE `pid` = 3  [ RunTime:0.0002s ]
INFO: [ view_parse ] --START--
INFO: [ template_filter ] --START--
INFO: Run Behavior\ContentReplaceBehavior [ RunTime:0.000105s ]
INFO: [ template_filter ] --END-- [ RunTime:0.000206s ]
INFO: Run Behavior\ParseTemplateBehavior [ RunTime:0.087842s ]
INFO: [ view_parse ] --END-- [ RunTime:0.087980s ]
INFO: [ view_filter ] --START--
INFO: Run Behavior\WriteHtmlCacheBehavior [ RunTime:0.000201s ]
INFO: [ view_filter ] --END-- [ RunTime:0.000291s ]
INFO: [ app_end ] --START--
INFO: Run Behavior\ShowPageTraceBehavior [ RunTime:0.000367s ]
INFO: [ app_end ] --END-- [ RunTime:0.000459s ]

[ 2020-06-11T14:32:11+08:00 ] ::1 /
INFO: [ app_init ] --START--
INFO: Run Behavior\BuildLiteBehavior [ RunTime:0.000066s ]
INFO: [ app_init ] --END-- [ RunTime:0.000536s ]
INFO: [ app_begin ] --START--
INFO: Run Behavior\ReadHtmlCacheBehavior [ RunTime:0.001202s ]
INFO: [ app_begin ] --END-- [ RunTime:0.001490s ]

[ 2020-06-11T14:32:11+08:00 ] ::1 /index.php/Home/Index/loginIndex.html
INFO: [ app_init ] --START--
INFO: Run Behavior\BuildLiteBehavior [ RunTime:0.000032s ]
INFO: [ app_init ] --END-- [ RunTime:0.000500s ]
INFO: [ app_begin ] --START--
INFO: Run Behavior\ReadHtmlCacheBehavior [ RunTime:0.000524s ]
INFO: [ app_begin ] --END-- [ RunTime:0.000677s ]
INFO: [ view_parse ] --START--
INFO: [ template_filter ] --START--
INFO: Run Behavior\ContentReplaceBehavior [ RunTime:0.000116s ]
INFO: [ template_filter ] --END-- [ RunTime:0.000276s ]
INFO: Run Behavior\ParseTemplateBehavior [ RunTime:0.010504s ]
INFO: [ view_parse ] --END-- [ RunTime:0.010659s ]
INFO: [ view_filter ] --START--
INFO: Run Behavior\WriteHtmlCacheBehavior [ RunTime:0.000414s ]
INFO: [ view_filter ] --END-- [ RunTime:0.000553s ]
INFO: [ app_end ] --START--
INFO: Run Behavior\ShowPageTraceBehavior [ RunTime:0.000686s ]
INFO: [ app_end ] --END-- [ RunTime:0.000834s ]

[ 2020-06-11T14:32:13+08:00 ] ::1 /index.php/Home/Index/check_user
INFO: [ app_init ] --START--
INFO: Run Behavior\BuildLiteBehavior [ RunTime:0.000018s ]
INFO: [ app_init ] --END-- [ RunTime:0.000287s ]
INFO: [ app_begin ] --START--
INFO: Run Behavior\ReadHtmlCacheBehavior [ RunTime:0.000302s ]
INFO: [ app_begin ] --END-- [ RunTime:0.000378s ]
SQL: SHOW COLUMNS FROM `tb_user` [ RunTime:0.0168s ]
SQL: SELECT * FROM `tb_user` WHERE `username` = 'xmd' LIMIT 1   [ RunTime:0.0003s ]

[ 2020-06-11T14:32:13+08:00 ] ::1 /index.php/Home/Index/check_user.html
INFO: [ app_init ] --START--
INFO: Run Behavior\BuildLiteBehavior [ RunTime:0.000020s ]
INFO: [ app_init ] --END-- [ RunTime:0.000294s ]
INFO: [ app_begin ] --START--
INFO: Run Behavior\ReadHtmlCacheBehavior [ RunTime:0.000303s ]
INFO: [ app_begin ] --END-- [ RunTime:0.000379s ]
SQL: SHOW COLUMNS FROM `tb_user` [ RunTime:0.0050s ]
SQL: SELECT * FROM `tb_user` WHERE `username` = 'xmd' LIMIT 1   [ RunTime:0.0003s ]

[ 2020-06-11T14:32:13+08:00 ] ::1 /index.php/Home/Index/mainIndex.html
INFO: [ app_init ] --START--
INFO: Run Behavior\BuildLiteBehavior [ RunTime:0.000020s ]
INFO: [ app_init ] --END-- [ RunTime:0.000303s ]
INFO: [ app_begin ] --START--
INFO: Run Behavior\ReadHtmlCacheBehavior [ RunTime:0.000320s ]
INFO: [ app_begin ] --END-- [ RunTime:0.000417s ]
INFO: [ view_parse ] --START--
INFO: [ template_filter ] --START--
INFO: Run Behavior\ContentReplaceBehavior [ RunTime:0.000127s ]
INFO: [ template_filter ] --END-- [ RunTime:0.000268s ]
INFO: Run Behavior\ParseTemplateBehavior [ RunTime:0.045595s ]
INFO: [ view_parse ] --END-- [ RunTime:0.045697s ]
INFO: [ view_filter ] --START--
INFO: Run Behavior\WriteHtmlCacheBehavior [ RunTime:0.000208s ]
INFO: [ view_filter ] --END-- [ RunTime:0.000294s ]
INFO: [ app_end ] --START--
INFO: Run Behavior\ShowPageTraceBehavior [ RunTime:0.000343s ]
INFO: [ app_end ] --END-- [ RunTime:0.000435s ]

[ 2020-06-11T14:32:13+08:00 ] ::1 /index.php/Home/Index/compMain.html
INFO: [ app_init ] --START--
INFO: Run Behavior\BuildLiteBehavior [ RunTime:0.000022s ]
INFO: [ app_init ] --END-- [ RunTime:0.000341s ]
INFO: [ app_begin ] --START--
INFO: Run Behavior\ReadHtmlCacheBehavior [ RunTime:0.000431s ]
INFO: [ app_begin ] --END-- [ RunTime:0.000544s ]
INFO: [ view_parse ] --START--
INFO: [ template_filter ] --START--
INFO: Run Behavior\ContentReplaceBehavior [ RunTime:0.000074s ]
INFO: [ template_filter ] --END-- [ RunTime:0.000178s ]
INFO: Run Behavior\ParseTemplateBehavior [ RunTime:0.006979s ]
INFO: [ view_parse ] --END-- [ RunTime:0.007293s ]
INFO: [ view_filter ] --START--
INFO: Run Behavior\WriteHtmlCacheBehavior [ RunTime:0.000822s ]
INFO: [ view_filter ] --END-- [ RunTime:0.001014s ]
INFO: [ app_end ] --START--
INFO: Run Behavior\ShowPageTraceBehavior [ RunTime:0.000613s ]
INFO: [ app_end ] --END-- [ RunTime:0.000758s ]

[ 2020-06-11T14:32:13+08:00 ] ::1 /index.php/Home/Manage/index.html
INFO: [ app_init ] --START--
INFO: Run Behavior\BuildLiteBehavior [ RunTime:0.000024s ]
INFO: [ app_init ] --END-- [ RunTime:0.000480s ]
INFO: [ app_begin ] --START--
INFO: Run Behavior\ReadHtmlCacheBehavior [ RunTime:0.000394s ]
INFO: [ app_begin ] --END-- [ RunTime:0.000520s ]
INFO: [ view_parse ] --START--
INFO: [ template_filter ] --START--
INFO: Run Behavior\ContentReplaceBehavior [ RunTime:0.000059s ]
INFO: [ template_filter ] --END-- [ RunTime:0.000161s ]
INFO: Run Behavior\ParseTemplateBehavior [ RunTime:0.004788s ]
INFO: [ view_parse ] --END-- [ RunTime:0.004895s ]
INFO: [ view_filter ] --START--
INFO: Run Behavior\WriteHtmlCacheBehavior [ RunTime:0.000199s ]
INFO: [ view_filter ] --END-- [ RunTime:0.000291s ]
INFO: [ app_end ] --START--
INFO: Run Behavior\ShowPageTraceBehavior [ RunTime:0.000360s ]
INFO: [ app_end ] --END-- [ RunTime:0.000457s ]

[ 2020-06-11T14:35:06+08:00 ] ::1 /index.php/Home/Manage/compManage.html
INFO: [ app_init ] --START--
INFO: Run Behavior\BuildLiteBehavior [ RunTime:0.000036s ]
INFO: [ app_init ] --END-- [ RunTime:0.000570s ]
INFO: [ app_begin ] --START--
INFO: Run Behavior\ReadHtmlCacheBehavior [ RunTime:0.000643s ]
INFO: [ app_begin ] --END-- [ RunTime:0.000822s ]
SQL: SHOW COLUMNS FROM `tb_dic_manage` [ RunTime:0.0274s ]
SQL: SELECT * FROM `tb_dic_manage` WHERE `pid` = 1  [ RunTime:0.0005s ]
SQL: SELECT * FROM `tb_dic_manage` WHERE `pid` = 3  [ RunTime:0.0004s ]
SQL: SHOW COLUMNS FROM `tb_comp_reserve` [ RunTime:0.0198s ]
SQL: SELECT * FROM `tb_comp_reserve`  [ RunTime:0.0005s ]
NOTIC: [2] Missing argument 3 for Home\Controller\ManageController::storeManage(), called in D:\wamp\www\Apps\Home\Controller\ManageController.class.php on line 34 and defined D:\wamp\www\Apps\Home\Controller\ManageController.class.php 第 430 行.
SQL: SHOW COLUMNS FROM `tb_comp_reserve` [ RunTime:0.0083s ]
SQL: SELECT `store_num` FROM `tb_comp_reserve` WHERE `id` = 0 LIMIT 1   [ RunTime:0.0003s ]
NOTIC: [8] Undefined variable: mode D:\wamp\www\Apps\Home\Controller\ManageController.class.php 第 435 行.
SQL: UPDATE `tb_comp_reserve` SET `store_num`='-1' WHERE `id` = 0 [ RunTime:0.0003s ]
INFO: [ view_parse ] --START--
INFO: [ template_filter ] --START--
INFO: Run Behavior\ContentReplaceBehavior [ RunTime:0.000275s ]
INFO: [ template_filter ] --END-- [ RunTime:0.000436s ]
INFO: Run Behavior\ParseTemplateBehavior [ RunTime:0.159449s ]
INFO: [ view_parse ] --END-- [ RunTime:0.159806s ]
INFO: [ view_filter ] --START--
INFO: Run Behavior\WriteHtmlCacheBehavior [ RunTime:0.000640s ]
INFO: [ view_filter ] --END-- [ RunTime:0.000974s ]
INFO: [ app_end ] --START--
INFO: Run Behavior\ShowPageTraceBehavior [ RunTime:0.000728s ]
INFO: [ app_end ] --END-- [ RunTime:0.000983s ]

[ 2020-06-11T14:35:08+08:00 ] ::1 /index.php/Home/Manage/compOut.html
INFO: [ app_init ] --START--
INFO: Run Behavior\BuildLiteBehavior [ RunTime:0.000018s ]
INFO: [ app_init ] --END-- [ RunTime:0.000274s ]
INFO: [ app_begin ] --START--
INFO: Run Behavior\ReadHtmlCacheBehavior [ RunTime:0.000289s ]
INFO: [ app_begin ] --END-- [ RunTime:0.000376s ]
SQL: SHOW COLUMNS FROM `tb_comp_out` [ RunTime:0.0267s ]
SQL: SELECT * FROM `tb_comp_out` ORDER BY `date` desc  [ RunTime:0.0003s ]
SQL: SHOW COLUMNS FROM `tb_comp_reserve` [ RunTime:0.0099s ]
SQL: SELECT `type`,`name`,`standard`,`store_num`,`project_pact`,`comp_pact` FROM `tb_comp_reserve` WHERE ( 1=1 AND id='10' ) LIMIT 1   [ RunTime:0.0003s ]
SQL: SELECT * FROM `tb_comp_reserve`  [ RunTime:0.0002s ]
SQL: SHOW COLUMNS FROM `tb_dic_manage` [ RunTime:0.0105s ]
SQL: SELECT * FROM `tb_dic_manage` WHERE `pid` = 1  [ RunTime:0.0003s ]
SQL: SELECT * FROM `tb_dic_manage` WHERE `pid` = 3  [ RunTime:0.0002s ]
INFO: [ view_parse ] --START--
INFO: [ template_filter ] --START--
INFO: Run Behavior\ContentReplaceBehavior [ RunTime:0.000079s ]
INFO: [ template_filter ] --END-- [ RunTime:0.000164s ]
INFO: Run Behavior\ParseTemplateBehavior [ RunTime:0.080430s ]
INFO: [ view_parse ] --END-- [ RunTime:0.080527s ]
INFO: [ view_filter ] --START--
INFO: Run Behavior\WriteHtmlCacheBehavior [ RunTime:0.000182s ]
INFO: [ view_filter ] --END-- [ RunTime:0.000262s ]
INFO: [ app_end ] --START--
INFO: Run Behavior\ShowPageTraceBehavior [ RunTime:0.000306s ]
INFO: [ app_end ] --END-- [ RunTime:0.000388s ]

[ 2020-06-11T14:35:22+08:00 ] ::1 /index.php/Home/Manage/compManage.html
INFO: [ app_init ] --START--
INFO: Run Behavior\BuildLiteBehavior [ RunTime:0.000018s ]
INFO: [ app_init ] --END-- [ RunTime:0.000273s ]
INFO: [ app_begin ] --START--
INFO: Run Behavior\ReadHtmlCacheBehavior [ RunTime:0.000288s ]
INFO: [ app_begin ] --END-- [ RunTime:0.000375s ]
SQL: SHOW COLUMNS FROM `tb_dic_manage` [ RunTime:0.0193s ]
SQL: SELECT * FROM `tb_dic_manage` WHERE `pid` = 1  [ RunTime:0.0004s ]
SQL: SELECT * FROM `tb_dic_manage` WHERE `pid` = 3  [ RunTime:0.0003s ]
SQL: SHOW COLUMNS FROM `tb_comp_reserve` [ RunTime:0.0120s ]
SQL: SELECT * FROM `tb_comp_reserve`  [ RunTime:0.0005s ]
NOTIC: [2] Missing argument 3 for Home\Controller\ManageController::storeManage(), called in D:\wamp\www\Apps\Home\Controller\ManageController.class.php on line 34 and defined D:\wamp\www\Apps\Home\Controller\ManageController.class.php 第 430 行.
SQL: SHOW COLUMNS FROM `tb_comp_reserve` [ RunTime:0.0057s ]
SQL: SELECT `store_num` FROM `tb_comp_reserve` WHERE `id` = 0 LIMIT 1   [ RunTime:0.0002s ]
NOTIC: [8] Undefined variable: mode D:\wamp\www\Apps\Home\Controller\ManageController.class.php 第 435 行.
SQL: UPDATE `tb_comp_reserve` SET `store_num`='-1' WHERE `id` = 0 [ RunTime:0.0002s ]
INFO: [ view_parse ] --START--
INFO: [ template_filter ] --START--
INFO: Run Behavior\ContentReplaceBehavior [ RunTime:0.000157s ]
INFO: [ template_filter ] --END-- [ RunTime:0.000272s ]
INFO: Run Behavior\ParseTemplateBehavior [ RunTime:0.107247s ]
INFO: [ view_parse ] --END-- [ RunTime:0.107404s ]
INFO: [ view_filter ] --START--
INFO: Run Behavior\WriteHtmlCacheBehavior [ RunTime:0.000303s ]
INFO: [ view_filter ] --END-- [ RunTime:0.000467s ]
INFO: [ app_end ] --START--
INFO: Run Behavior\ShowPageTraceBehavior [ RunTime:0.000544s ]
INFO: [ app_end ] --END-- [ RunTime:0.000714s ]

[ 2020-06-11T14:36:37+08:00 ] ::1 /index.php/Home/Manage/compOut.html
INFO: [ app_init ] --START--
INFO: Run Behavior\BuildLiteBehavior [ RunTime:0.000018s ]
INFO: [ app_init ] --END-- [ RunTime:0.000276s ]
INFO: [ app_begin ] --START--
INFO: Run Behavior\ReadHtmlCacheBehavior [ RunTime:0.000307s ]
INFO: [ app_begin ] --END-- [ RunTime:0.000399s ]
SQL: SHOW COLUMNS FROM `tb_comp_out` [ RunTime:0.0205s ]
SQL: SELECT * FROM `tb_comp_out` ORDER BY `date` desc  [ RunTime:0.0004s ]
SQL: SHOW COLUMNS FROM `tb_comp_reserve` [ RunTime:0.0120s ]
SQL: SELECT `type`,`name`,`standard`,`store_num`,`project_pact`,`comp_pact` FROM `tb_comp_reserve` WHERE ( 1=1 AND id='10' ) LIMIT 1   [ RunTime:0.0003s ]
SQL: SELECT * FROM `tb_comp_reserve`  [ RunTime:0.0003s ]
SQL: SHOW COLUMNS FROM `tb_dic_manage` [ RunTime:0.0118s ]
SQL: SELECT * FROM `tb_dic_manage` WHERE `pid` = 1  [ RunTime:0.0003s ]
SQL: SELECT * FROM `tb_dic_manage` WHERE `pid` = 3  [ RunTime:0.0002s ]
INFO: [ view_parse ] --START--
INFO: [ template_filter ] --START--
INFO: Run Behavior\ContentReplaceBehavior [ RunTime:0.000126s ]
INFO: [ template_filter ] --END-- [ RunTime:0.000245s ]
INFO: Run Behavior\ParseTemplateBehavior [ RunTime:0.100137s ]
INFO: [ view_parse ] --END-- [ RunTime:0.100267s ]
INFO: [ view_filter ] --START--
INFO: Run Behavior\WriteHtmlCacheBehavior [ RunTime:0.000231s ]
INFO: [ view_filter ] --END-- [ RunTime:0.000336s ]
INFO: [ app_end ] --START--
INFO: Run Behavior\ShowPageTraceBehavior [ RunTime:0.000442s ]
INFO: [ app_end ] --END-- [ RunTime:0.000585s ]

[ 2020-06-11T14:36:38+08:00 ] ::1 /index.php/Home/Manage/dicManage.html
INFO: [ app_init ] --START--
INFO: Run Behavior\BuildLiteBehavior [ RunTime:0.000022s ]
INFO: [ app_init ] --END-- [ RunTime:0.000277s ]
INFO: [ app_begin ] --START--
INFO: Run Behavior\ReadHtmlCacheBehavior [ RunTime:0.000295s ]
INFO: [ app_begin ] --END-- [ RunTime:0.000382s ]
SQL: SHOW COLUMNS FROM `tb_dic_dic` [ RunTime:0.0253s ]
SQL: SELECT * FROM `tb_dic_dic`  [ RunTime:0.0003s ]
INFO: [ view_parse ] --START--
INFO: [ template_filter ] --START--
INFO: Run Behavior\ContentReplaceBehavior [ RunTime:0.000075s ]
INFO: [ template_filter ] --END-- [ RunTime:0.000160s ]
INFO: Run Behavior\ParseTemplateBehavior [ RunTime:0.007058s ]
INFO: [ view_parse ] --END-- [ RunTime:0.007145s ]
INFO: [ view_filter ] --START--
INFO: Run Behavior\WriteHtmlCacheBehavior [ RunTime:0.000162s ]
INFO: [ view_filter ] --END-- [ RunTime:0.000240s ]
INFO: [ app_end ] --START--
INFO: Run Behavior\ShowPageTraceBehavior [ RunTime:0.000371s ]
INFO: [ app_end ] --END-- [ RunTime:0.000453s ]

[ 2020-06-11T14:36:39+08:00 ] ::1 /index.php/Home/Manage/compOut.html
INFO: [ app_init ] --START--
INFO: Run Behavior\BuildLiteBehavior [ RunTime:0.000017s ]
INFO: [ app_init ] --END-- [ RunTime:0.000277s ]
INFO: [ app_begin ] --START--
INFO: Run Behavior\ReadHtmlCacheBehavior [ RunTime:0.000288s ]
INFO: [ app_begin ] --END-- [ RunTime:0.000376s ]
SQL: SHOW COLUMNS FROM `tb_comp_out` [ RunTime:0.0243s ]
SQL: SELECT * FROM `tb_comp_out` ORDER BY `date` desc  [ RunTime:0.0004s ]
SQL: SHOW COLUMNS FROM `tb_comp_reserve` [ RunTime:0.0103s ]
SQL: SELECT `type`,`name`,`standard`,`store_num`,`project_pact`,`comp_pact` FROM `tb_comp_reserve` WHERE ( 1=1 AND id='10' ) LIMIT 1   [ RunTime:0.0003s ]
SQL: SELECT * FROM `tb_comp_reserve`  [ RunTime:0.0002s ]
SQL: SHOW COLUMNS FROM `tb_dic_manage` [ RunTime:0.0098s ]
SQL: SELECT * FROM `tb_dic_manage` WHERE `pid` = 1  [ RunTime:0.0004s ]
SQL: SELECT * FROM `tb_dic_manage` WHERE `pid` = 3  [ RunTime:0.0003s ]
INFO: [ view_parse ] --START--
INFO: [ template_filter ] --START--
INFO: Run Behavior\ContentReplaceBehavior [ RunTime:0.000077s ]
INFO: [ template_filter ] --END-- [ RunTime:0.000161s ]
INFO: Run Behavior\ParseTemplateBehavior [ RunTime:0.083350s ]
INFO: [ view_parse ] --END-- [ RunTime:0.083477s ]
INFO: [ view_filter ] --START--
INFO: Run Behavior\WriteHtmlCacheBehavior [ RunTime:0.000176s ]
INFO: [ view_filter ] --END-- [ RunTime:0.000252s ]
INFO: [ app_end ] --START--
INFO: Run Behavior\ShowPageTraceBehavior [ RunTime:0.000295s ]
INFO: [ app_end ] --END-- [ RunTime:0.000380s ]

[ 2020-06-11T14:36:40+08:00 ] ::1 /index.php/Home/Manage/compManage.html
INFO: [ app_init ] --START--
INFO: Run Behavior\BuildLiteBehavior [ RunTime:0.000018s ]
INFO: [ app_init ] --END-- [ RunTime:0.000292s ]
INFO: [ app_begin ] --START--
INFO: Run Behavior\ReadHtmlCacheBehavior [ RunTime:0.000283s ]
INFO: [ app_begin ] --END-- [ RunTime:0.000368s ]
SQL: SHOW COLUMNS FROM `tb_dic_manage` [ RunTime:0.0162s ]
SQL: SELECT * FROM `tb_dic_manage` WHERE `pid` = 1  [ RunTime:0.0003s ]
SQL: SELECT * FROM `tb_dic_manage` WHERE `pid` = 3  [ RunTime:0.0002s ]
SQL: SHOW COLUMNS FROM `tb_comp_reserve` [ RunTime:0.0095s ]
SQL: SELECT * FROM `tb_comp_reserve`  [ RunTime:0.0003s ]
NOTIC: [2] Missing argument 3 for Home\Controller\ManageController::storeManage(), called in D:\wamp\www\Apps\Home\Controller\ManageController.class.php on line 34 and defined D:\wamp\www\Apps\Home\Controller\ManageController.class.php 第 430 行.
SQL: SHOW COLUMNS FROM `tb_comp_reserve` [ RunTime:0.0043s ]
SQL: SELECT `store_num` FROM `tb_comp_reserve` WHERE `id` = 0 LIMIT 1   [ RunTime:0.0002s ]
NOTIC: [8] Undefined variable: mode D:\wamp\www\Apps\Home\Controller\ManageController.class.php 第 435 行.
SQL: UPDATE `tb_comp_reserve` SET `store_num`='-1' WHERE `id` = 0 [ RunTime:0.0002s ]
INFO: [ view_parse ] --START--
INFO: [ template_filter ] --START--
INFO: Run Behavior\ContentReplaceBehavior [ RunTime:0.000174s ]
INFO: [ template_filter ] --END-- [ RunTime:0.000273s ]
INFO: Run Behavior\ParseTemplateBehavior [ RunTime:0.099093s ]
INFO: [ view_parse ] --END-- [ RunTime:0.099213s ]
INFO: [ view_filter ] --START--
INFO: Run Behavior\WriteHtmlCacheBehavior [ RunTime:0.000253s ]
INFO: [ view_filter ] --END-- [ RunTime:0.000382s ]
INFO: [ app_end ] --START--
INFO: Run Behavior\ShowPageTraceBehavior [ RunTime:0.000441s ]
INFO: [ app_end ] --END-- [ RunTime:0.000576s ]

[ 2020-06-11T14:37:13+08:00 ] ::1 /index.php/Home/Index/mainIndex.html
INFO: [ app_init ] --START--
INFO: Run Behavior\BuildLiteBehavior [ RunTime:0.000022s ]
INFO: [ app_init ] --END-- [ RunTime:0.000366s ]
INFO: [ app_begin ] --START--
INFO: Run Behavior\ReadHtmlCacheBehavior [ RunTime:0.000423s ]
INFO: [ app_begin ] --END-- [ RunTime:0.000528s ]
INFO: [ view_parse ] --START--
INFO: [ template_filter ] --START--
INFO: Run Behavior\ContentReplaceBehavior [ RunTime:0.000093s ]
INFO: [ template_filter ] --END-- [ RunTime:0.000200s ]
INFO: Run Behavior\ParseTemplateBehavior [ RunTime:0.008530s ]
INFO: [ view_parse ] --END-- [ RunTime:0.008639s ]
INFO: [ view_filter ] --START--
INFO: Run Behavior\WriteHtmlCacheBehavior [ RunTime:0.000270s ]
INFO: [ view_filter ] --END-- [ RunTime:0.000366s ]
INFO: [ app_end ] --START--
INFO: Run Behavior\ShowPageTraceBehavior [ RunTime:0.000414s ]
INFO: [ app_end ] --END-- [ RunTime:0.000514s ]

[ 2020-06-11T14:37:13+08:00 ] ::1 /index.php/Home/Index/compMain.html
INFO: [ app_init ] --START--
INFO: Run Behavior\BuildLiteBehavior [ RunTime:0.000025s ]
INFO: [ app_init ] --END-- [ RunTime:0.000391s ]
INFO: [ app_begin ] --START--
INFO: Run Behavior\ReadHtmlCacheBehavior [ RunTime:0.000924s ]
INFO: [ app_begin ] --END-- [ RunTime:0.001097s ]
INFO: [ view_parse ] --START--
INFO: [ template_filter ] --START--
INFO: Run Behavior\ContentReplaceBehavior [ RunTime:0.000079s ]
INFO: [ template_filter ] --END-- [ RunTime:0.000194s ]
INFO: Run Behavior\ParseTemplateBehavior [ RunTime:0.008524s ]
INFO: [ view_parse ] --END-- [ RunTime:0.008634s ]
INFO: [ view_filter ] --START--
INFO: Run Behavior\WriteHtmlCacheBehavior [ RunTime:0.000257s ]
INFO: [ view_filter ] --END-- [ RunTime:0.000354s ]
INFO: [ app_end ] --START--
INFO: Run Behavior\ShowPageTraceBehavior [ RunTime:0.000377s ]
INFO: [ app_end ] --END-- [ RunTime:0.000479s ]

[ 2020-06-11T14:37:13+08:00 ] ::1 /index.php/Home/Manage/index.html
INFO: [ app_init ] --START--
INFO: Run Behavior\BuildLiteBehavior [ RunTime:0.000027s ]
INFO: [ app_init ] --END-- [ RunTime:0.000651s ]
INFO: [ app_begin ] --START--
INFO: Run Behavior\ReadHtmlCacheBehavior [ RunTime:0.000619s ]
INFO: [ app_begin ] --END-- [ RunTime:0.000769s ]
INFO: [ view_parse ] --START--
INFO: [ template_filter ] --START--
INFO: Run Behavior\ContentReplaceBehavior [ RunTime:0.000062s ]
INFO: [ template_filter ] --END-- [ RunTime:0.000171s ]
INFO: Run Behavior\ParseTemplateBehavior [ RunTime:0.005269s ]
INFO: [ view_parse ] --END-- [ RunTime:0.005380s ]
INFO: [ view_filter ] --START--
INFO: Run Behavior\WriteHtmlCacheBehavior [ RunTime:0.000206s ]
INFO: [ view_filter ] --END-- [ RunTime:0.000306s ]
INFO: [ app_end ] --START--
INFO: Run Behavior\ShowPageTraceBehavior [ RunTime:0.000384s ]
INFO: [ app_end ] --END-- [ RunTime:0.000489s ]

[ 2020-06-11T14:37:16+08:00 ] ::1 /index.php/Home/Manage/compManage.html
INFO: [ app_init ] --START--
INFO: Run Behavior\BuildLiteBehavior [ RunTime:0.000018s ]
INFO: [ app_init ] --END-- [ RunTime:0.000291s ]
INFO: [ app_begin ] --START--
INFO: Run Behavior\ReadHtmlCacheBehavior [ RunTime:0.000300s ]
INFO: [ app_begin ] --END-- [ RunTime:0.000390s ]
SQL: SHOW COLUMNS FROM `tb_dic_manage` [ RunTime:0.0192s ]
SQL: SELECT * FROM `tb_dic_manage` WHERE `pid` = 1  [ RunTime:0.0003s ]
SQL: SELECT * FROM `tb_dic_manage` WHERE `pid` = 3  [ RunTime:0.0002s ]
SQL: SHOW COLUMNS FROM `tb_comp_reserve` [ RunTime:0.0097s ]
SQL: SELECT * FROM `tb_comp_reserve`  [ RunTime:0.0003s ]
NOTIC: [2] Missing argument 3 for Home\Controller\ManageController::storeManage(), called in D:\wamp\www\Apps\Home\Controller\ManageController.class.php on line 34 and defined D:\wamp\www\Apps\Home\Controller\ManageController.class.php 第 430 行.
SQL: SHOW COLUMNS FROM `tb_comp_reserve` [ RunTime:0.0045s ]
SQL: SELECT `store_num` FROM `tb_comp_reserve` WHERE `id` = 0 LIMIT 1   [ RunTime:0.0002s ]
NOTIC: [8] Undefined variable: mode D:\wamp\www\Apps\Home\Controller\ManageController.class.php 第 435 行.
SQL: UPDATE `tb_comp_reserve` SET `store_num`='-1' WHERE `id` = 0 [ RunTime:0.0002s ]
INFO: [ view_parse ] --START--
INFO: [ template_filter ] --START--
INFO: Run Behavior\ContentReplaceBehavior [ RunTime:0.000125s ]
INFO: [ template_filter ] --END-- [ RunTime:0.000216s ]
INFO: Run Behavior\ParseTemplateBehavior [ RunTime:0.091763s ]
INFO: [ view_parse ] --END-- [ RunTime:0.091859s ]
INFO: [ view_filter ] --START--
INFO: Run Behavior\WriteHtmlCacheBehavior [ RunTime:0.000185s ]
INFO: [ view_filter ] --END-- [ RunTime:0.000267s ]
INFO: [ app_end ] --START--
INFO: Run Behavior\ShowPageTraceBehavior [ RunTime:0.000343s ]
INFO: [ app_end ] --END-- [ RunTime:0.000431s ]

[ 2020-06-11T14:37:18+08:00 ] ::1 /index.php/Home/Manage/compOut.html
INFO: [ app_init ] --START--
INFO: Run Behavior\BuildLiteBehavior [ RunTime:0.000018s ]
INFO: [ app_init ] --END-- [ RunTime:0.000273s ]
INFO: [ app_begin ] --START--
INFO: Run Behavior\ReadHtmlCacheBehavior [ RunTime:0.000279s ]
INFO: [ app_begin ] --END-- [ RunTime:0.000365s ]
SQL: SHOW COLUMNS FROM `tb_comp_out` [ RunTime:0.0264s ]
SQL: SELECT * FROM `tb_comp_out` ORDER BY `date` desc  [ RunTime:0.0003s ]
SQL: SHOW COLUMNS FROM `tb_comp_reserve` [ RunTime:0.0103s ]
SQL: SELECT `type`,`name`,`standard`,`store_num`,`project_pact`,`comp_pact` FROM `tb_comp_reserve` WHERE ( 1=1 AND id='10' ) LIMIT 1   [ RunTime:0.0003s ]
SQL: SELECT * FROM `tb_comp_reserve`  [ RunTime:0.0003s ]
SQL: SHOW COLUMNS FROM `tb_dic_manage` [ RunTime:0.0106s ]
SQL: SELECT * FROM `tb_dic_manage` WHERE `pid` = 1  [ RunTime:0.0003s ]
SQL: SELECT * FROM `tb_dic_manage` WHERE `pid` = 3  [ RunTime:0.0002s ]
INFO: [ view_parse ] --START--
INFO: [ template_filter ] --START--
INFO: Run Behavior\ContentReplaceBehavior [ RunTime:0.000076s ]
INFO: [ template_filter ] --END-- [ RunTime:0.000159s ]
INFO: Run Behavior\ParseTemplateBehavior [ RunTime:0.076951s ]
INFO: [ view_parse ] --END-- [ RunTime:0.077046s ]
INFO: [ view_filter ] --START--
INFO: Run Behavior\WriteHtmlCacheBehavior [ RunTime:0.000182s ]
INFO: [ view_filter ] --END-- [ RunTime:0.000262s ]
INFO: [ app_end ] --START--
INFO: Run Behavior\ShowPageTraceBehavior [ RunTime:0.000317s ]
INFO: [ app_end ] --END-- [ RunTime:0.000399s ]

[ 2020-06-11T14:37:21+08:00 ] ::1 /index.php/Home/Manage/compIn.html
INFO: [ app_init ] --START--
INFO: Run Behavior\BuildLiteBehavior [ RunTime:0.000017s ]
INFO: [ app_init ] --END-- [ RunTime:0.000262s ]
INFO: [ app_begin ] --START--
INFO: Run Behavior\ReadHtmlCacheBehavior [ RunTime:0.000274s ]
INFO: [ app_begin ] --END-- [ RunTime:0.000355s ]
SQL: SHOW COLUMNS FROM `tb_comp_in` [ RunTime:0.0244s ]
SQL: SELECT * FROM `tb_comp_in`  [ RunTime:0.0003s ]
SQL: SHOW COLUMNS FROM `tb_comp_reserve` [ RunTime:0.0092s ]
SQL: SELECT `type`,`name`,`standard`,`store_num`,`project_pact`,`comp_pact` FROM `tb_comp_reserve` WHERE ( 1=1 AND id='10' ) LIMIT 1   [ RunTime:0.0003s ]
SQL: SELECT * FROM `tb_comp_reserve`  [ RunTime:0.0002s ]
SQL: SHOW COLUMNS FROM `tb_dic_manage` [ RunTime:0.0091s ]
SQL: SELECT * FROM `tb_dic_manage` WHERE `pid` = 1  [ RunTime:0.0002s ]
SQL: SELECT * FROM `tb_dic_manage` WHERE `pid` = 3  [ RunTime:0.0002s ]
INFO: [ view_parse ] --START--
INFO: [ template_filter ] --START--
INFO: Run Behavior\ContentReplaceBehavior [ RunTime:0.000073s ]
INFO: [ template_filter ] --END-- [ RunTime:0.000157s ]
INFO: Run Behavior\ParseTemplateBehavior [ RunTime:0.077740s ]
INFO: [ view_parse ] --END-- [ RunTime:0.077835s ]
INFO: [ view_filter ] --START--
INFO: Run Behavior\WriteHtmlCacheBehavior [ RunTime:0.000180s ]
INFO: [ view_filter ] --END-- [ RunTime:0.000258s ]
INFO: [ app_end ] --START--
INFO: Run Behavior\ShowPageTraceBehavior [ RunTime:0.000305s ]
INFO: [ app_end ] --END-- [ RunTime:0.000390s ]

[ 2020-06-11T14:37:22+08:00 ] ::1 /index.php/Home/Manage/dicManage.html
INFO: [ app_init ] --START--
INFO: Run Behavior\BuildLiteBehavior [ RunTime:0.000040s ]
INFO: [ app_init ] --END-- [ RunTime:0.000321s ]
INFO: [ app_begin ] --START--
INFO: Run Behavior\ReadHtmlCacheBehavior [ RunTime:0.000316s ]
INFO: [ app_begin ] --END-- [ RunTime:0.000406s ]
SQL: SHOW COLUMNS FROM `tb_dic_dic` [ RunTime:0.0157s ]
SQL: SELECT * FROM `tb_dic_dic`  [ RunTime:0.0002s ]
INFO: [ view_parse ] --START--
INFO: [ template_filter ] --START--
INFO: Run Behavior\ContentReplaceBehavior [ RunTime:0.000093s ]
INFO: [ template_filter ] --END-- [ RunTime:0.000186s ]
INFO: Run Behavior\ParseTemplateBehavior [ RunTime:0.007439s ]
INFO: [ view_parse ] --END-- [ RunTime:0.007533s ]
INFO: [ view_filter ] --START--
INFO: Run Behavior\WriteHtmlCacheBehavior [ RunTime:0.000175s ]
INFO: [ view_filter ] --END-- [ RunTime:0.000259s ]
INFO: [ app_end ] --START--
INFO: Run Behavior\ShowPageTraceBehavior [ RunTime:0.000303s ]
INFO: [ app_end ] --END-- [ RunTime:0.000389s ]

[ 2020-06-11T14:37:26+08:00 ] ::1 /index.php/Home/Manage/compManage.html
INFO: [ app_init ] --START--
INFO: Run Behavior\BuildLiteBehavior [ RunTime:0.000017s ]
INFO: [ app_init ] --END-- [ RunTime:0.000252s ]
INFO: [ app_begin ] --START--
INFO: Run Behavior\ReadHtmlCacheBehavior [ RunTime:0.000267s ]
INFO: [ app_begin ] --END-- [ RunTime:0.000348s ]
SQL: SHOW COLUMNS FROM `tb_dic_manage` [ RunTime:0.0179s ]
SQL: SELECT * FROM `tb_dic_manage` WHERE `pid` = 1  [ RunTime:0.0003s ]
SQL: SELECT * FROM `tb_dic_manage` WHERE `pid` = 3  [ RunTime:0.0002s ]
SQL: SHOW COLUMNS FROM `tb_comp_reserve` [ RunTime:0.0104s ]
SQL: SELECT * FROM `tb_comp_reserve`  [ RunTime:0.0003s ]
NOTIC: [2] Missing argument 3 for Home\Controller\ManageController::storeManage(), called in D:\wamp\www\Apps\Home\Controller\ManageController.class.php on line 34 and defined D:\wamp\www\Apps\Home\Controller\ManageController.class.php 第 430 行.
SQL: SHOW COLUMNS FROM `tb_comp_reserve` [ RunTime:0.0049s ]
SQL: SELECT `store_num` FROM `tb_comp_reserve` WHERE `id` = 0 LIMIT 1   [ RunTime:0.0004s ]
NOTIC: [8] Undefined variable: mode D:\wamp\www\Apps\Home\Controller\ManageController.class.php 第 435 行.
SQL: UPDATE `tb_comp_reserve` SET `store_num`='-1' WHERE `id` = 0 [ RunTime:0.0002s ]
INFO: [ view_parse ] --START--
INFO: [ template_filter ] --START--
INFO: Run Behavior\ContentReplaceBehavior [ RunTime:0.000172s ]
INFO: [ template_filter ] --END-- [ RunTime:0.000273s ]
INFO: Run Behavior\ParseTemplateBehavior [ RunTime:0.099134s ]
INFO: [ view_parse ] --END-- [ RunTime:0.099240s ]
INFO: [ view_filter ] --START--
INFO: Run Behavior\WriteHtmlCacheBehavior [ RunTime:0.000200s ]
INFO: [ view_filter ] --END-- [ RunTime:0.000290s ]
INFO: [ app_end ] --START--
INFO: Run Behavior\ShowPageTraceBehavior [ RunTime:0.000346s ]
INFO: [ app_end ] --END-- [ RunTime:0.000442s ]

[ 2020-06-11T14:37:30+08:00 ] ::1 /index.php/Home/Manage/readCompDetail.html
INFO: [ app_init ] --START--
INFO: Run Behavior\BuildLiteBehavior [ RunTime:0.000021s ]
INFO: [ app_init ] --END-- [ RunTime:0.000456s ]
INFO: [ app_begin ] --START--
INFO: Run Behavior\ReadHtmlCacheBehavior [ RunTime:0.000383s ]
INFO: [ app_begin ] --END-- [ RunTime:0.000462s ]
NOTIC: [8] Undefined variable: dicProducer D:\wamp\www\Apps\Home\Controller\ManageController.class.php 第 64 行.
NOTIC: [8] Undefined variable: dicConnecttype D:\wamp\www\Apps\Home\Controller\ManageController.class.php 第 65 行.
SQL: SHOW COLUMNS FROM `tb_comp_reserve` [ RunTime:0.0226s ]
SQL: SELECT * FROM `tb_comp_reserve` WHERE `id` = 10 LIMIT 1   [ RunTime:0.0004s ]

[ 2020-06-11T15:08:28+08:00 ] 192.168.137.155 /
INFO: [ app_init ] --START--
INFO: Run Behavior\BuildLiteBehavior [ RunTime:0.000017s ]
INFO: [ app_init ] --END-- [ RunTime:0.000282s ]
INFO: [ app_begin ] --START--
INFO: Run Behavior\ReadHtmlCacheBehavior [ RunTime:0.000327s ]
INFO: [ app_begin ] --END-- [ RunTime:0.000409s ]

[ 2020-06-11T15:08:28+08:00 ] 192.168.137.155 /index.php/Home/Index/loginIndex.html
INFO: [ app_init ] --START--
INFO: Run Behavior\BuildLiteBehavior [ RunTime:0.000021s ]
INFO: [ app_init ] --END-- [ RunTime:0.000335s ]
INFO: [ app_begin ] --START--
INFO: Run Behavior\ReadHtmlCacheBehavior [ RunTime:0.000354s ]
INFO: [ app_begin ] --END-- [ RunTime:0.000463s ]
INFO: [ view_parse ] --START--
INFO: [ template_filter ] --START--
INFO: Run Behavior\ContentReplaceBehavior [ RunTime:0.000080s ]
INFO: [ template_filter ] --END-- [ RunTime:0.000186s ]
INFO: Run Behavior\ParseTemplateBehavior [ RunTime:0.005897s ]
INFO: [ view_parse ] --END-- [ RunTime:0.006004s ]
INFO: [ view_filter ] --START--
INFO: Run Behavior\WriteHtmlCacheBehavior [ RunTime:0.000269s ]
INFO: [ view_filter ] --END-- [ RunTime:0.000365s ]
INFO: [ app_end ] --START--
INFO: Run Behavior\ShowPageTraceBehavior [ RunTime:0.000424s ]
INFO: [ app_end ] --END-- [ RunTime:0.000527s ]

[ 2020-06-11T15:25:22+08:00 ] 192.168.137.155 /
INFO: [ app_init ] --START--
INFO: Run Behavior\BuildLiteBehavior [ RunTime:0.000017s ]
INFO: [ app_init ] --END-- [ RunTime:0.000278s ]
INFO: [ app_begin ] --START--
INFO: Run Behavior\ReadHtmlCacheBehavior [ RunTime:0.000324s ]
INFO: [ app_begin ] --END-- [ RunTime:0.000406s ]

[ 2020-06-11T15:25:22+08:00 ] 192.168.137.155 /index.php/Home/Index/loginIndex.html
INFO: [ app_init ] --START--
INFO: Run Behavior\BuildLiteBehavior [ RunTime:0.000018s ]
INFO: [ app_init ] --END-- [ RunTime:0.000283s ]
INFO: [ app_begin ] --START--
INFO: Run Behavior\ReadHtmlCacheBehavior [ RunTime:0.000300s ]
INFO: [ app_begin ] --END-- [ RunTime:0.000388s ]
INFO: [ view_parse ] --START--
INFO: [ template_filter ] --START--
INFO: Run Behavior\ContentReplaceBehavior [ RunTime:0.000061s ]
INFO: [ template_filter ] --END-- [ RunTime:0.000149s ]
INFO: Run Behavior\ParseTemplateBehavior [ RunTime:0.005008s ]
INFO: [ view_parse ] --END-- [ RunTime:0.005097s ]
INFO: [ view_filter ] --START--
INFO: Run Behavior\WriteHtmlCacheBehavior [ RunTime:0.000227s ]
INFO: [ view_filter ] --END-- [ RunTime:0.000306s ]
INFO: [ app_end ] --START--
INFO: Run Behavior\ShowPageTraceBehavior [ RunTime:0.000353s ]
INFO: [ app_end ] --END-- [ RunTime:0.000437s ]

