[ 2020-05-08T09:12:10+08:00 ] 192.168.137.247 /
INFO: [ app_init ] --START--
INFO: Run Behavior\BuildLiteBehavior [ RunTime:0.000024s ]
INFO: [ app_init ] --END-- [ RunTime:0.014167s ]
INFO: [ app_begin ] --START--
INFO: Run Behavior\ReadHtmlCacheBehavior [ RunTime:0.014722s ]
INFO: [ app_begin ] --END-- [ RunTime:0.014824s ]

[ 2020-05-08T09:12:10+08:00 ] 192.168.137.247 /index.php/Home/Index/loginIndex.html
INFO: [ app_init ] --START--
INFO: Run Behavior\BuildLiteBehavior [ RunTime:0.000019s ]
INFO: [ app_init ] --END-- [ RunTime:0.000350s ]
INFO: [ app_begin ] --START--
INFO: Run Behavior\ReadHtmlCacheBehavior [ RunTime:0.000529s ]
INFO: [ app_begin ] --END-- [ RunTime:0.000644s ]
INFO: [ view_parse ] --START--
INFO: [ template_filter ] --START--
INFO: Run Behavior\ContentReplaceBehavior [ RunTime:0.001583s ]
INFO: [ template_filter ] --END-- [ RunTime:0.001695s ]
INFO: Run Behavior\ParseTemplateBehavior [ RunTime:0.093143s ]
INFO: [ view_parse ] --END-- [ RunTime:0.093237s ]
INFO: [ view_filter ] --START--
INFO: Run Behavior\WriteHtmlCacheBehavior [ RunTime:0.009358s ]
INFO: [ view_filter ] --END-- [ RunTime:0.009443s ]
INFO: [ app_end ] --START--
INFO: Run Behavior\ShowPageTraceBehavior [ RunTime:0.008994s ]
INFO: [ app_end ] --END-- [ RunTime:0.009093s ]

[ 2020-05-08T09:12:10+08:00 ] 192.168.137.247 /index.php/Home/Index/loginIndex.html
INFO: [ app_init ] --START--
INFO: Run Behavior\BuildLiteBehavior [ RunTime:0.000018s ]
INFO: [ app_init ] --END-- [ RunTime:0.000309s ]
INFO: [ app_begin ] --START--
INFO: Run Behavior\ReadHtmlCacheBehavior [ RunTime:0.000489s ]
INFO: [ app_begin ] --END-- [ RunTime:0.000618s ]
INFO: [ view_parse ] --START--
INFO: [ template_filter ] --START--
INFO: Run Behavior\ContentReplaceBehavior [ RunTime:0.001677s ]
INFO: [ template_filter ] --END-- [ RunTime:0.001784s ]
INFO: Run Behavior\ParseTemplateBehavior [ RunTime:0.081650s ]
INFO: [ view_parse ] --END-- [ RunTime:0.081804s ]
INFO: [ view_filter ] --START--
INFO: Run Behavior\WriteHtmlCacheBehavior [ RunTime:0.009721s ]
INFO: [ view_filter ] --END-- [ RunTime:0.009812s ]
INFO: [ app_end ] --START--
INFO: Run Behavior\ShowPageTraceBehavior [ RunTime:0.009054s ]
INFO: [ app_end ] --END-- [ RunTime:0.009145s ]

[ 2020-05-08T09:12:11+08:00 ] 192.168.137.247 /index.php/Home/Index/loginIndex.html
INFO: [ app_init ] --START--
INFO: Run Behavior\BuildLiteBehavior [ RunTime:0.000017s ]
INFO: [ app_init ] --END-- [ RunTime:0.000280s ]
INFO: [ app_begin ] --START--
INFO: Run Behavior\ReadHtmlCacheBehavior [ RunTime:0.000376s ]
INFO: [ app_begin ] --END-- [ RunTime:0.000458s ]
INFO: [ view_parse ] --START--
INFO: [ template_filter ] --START--
INFO: Run Behavior\ContentReplaceBehavior [ RunTime:0.000160s ]
INFO: [ template_filter ] --END-- [ RunTime:0.000368s ]
INFO: Run Behavior\ParseTemplateBehavior [ RunTime:0.006762s ]
INFO: [ view_parse ] --END-- [ RunTime:0.006855s ]
INFO: [ view_filter ] --START--
INFO: Run Behavior\WriteHtmlCacheBehavior [ RunTime:0.000281s ]
INFO: [ view_filter ] --END-- [ RunTime:0.000359s ]
INFO: [ app_end ] --START--
INFO: Run Behavior\ShowPageTraceBehavior [ RunTime:0.000369s ]
INFO: [ app_end ] --END-- [ RunTime:0.000451s ]

[ 2020-05-08T12:38:38+08:00 ] 192.168.137.247 /
INFO: [ app_init ] --START--
INFO: Run Behavior\BuildLiteBehavior [ RunTime:0.000022s ]
INFO: [ app_init ] --END-- [ RunTime:0.000398s ]
INFO: [ app_begin ] --START--
INFO: Run Behavior\ReadHtmlCacheBehavior [ RunTime:0.000423s ]
INFO: [ app_begin ] --END-- [ RunTime:0.000538s ]

[ 2020-05-08T12:38:38+08:00 ] 192.168.137.247 /index.php/Home/Index/loginIndex.html
INFO: [ app_init ] --START--
INFO: Run Behavior\BuildLiteBehavior [ RunTime:0.000019s ]
INFO: [ app_init ] --END-- [ RunTime:0.000402s ]
INFO: [ app_begin ] --START--
INFO: Run Behavior\ReadHtmlCacheBehavior [ RunTime:0.000346s ]
INFO: [ app_begin ] --END-- [ RunTime:0.000425s ]
INFO: [ view_parse ] --START--
INFO: [ template_filter ] --START--
INFO: Run Behavior\ContentReplaceBehavior [ RunTime:0.000066s ]
INFO: [ template_filter ] --END-- [ RunTime:0.000165s ]
INFO: Run Behavior\ParseTemplateBehavior [ RunTime:0.021320s ]
INFO: [ view_parse ] --END-- [ RunTime:0.021444s ]
INFO: [ view_filter ] --START--
INFO: Run Behavior\WriteHtmlCacheBehavior [ RunTime:0.000256s ]
INFO: [ view_filter ] --END-- [ RunTime:0.000328s ]
INFO: [ app_end ] --START--
INFO: Run Behavior\ShowPageTraceBehavior [ RunTime:0.000494s ]
INFO: [ app_end ] --END-- [ RunTime:0.000568s ]

[ 2020-05-08T13:54:15+08:00 ] ::1 /
INFO: [ app_init ] --START--
INFO: Run Behavior\BuildLiteBehavior [ RunTime:0.000052s ]
INFO: [ app_init ] --END-- [ RunTime:0.000684s ]
INFO: [ app_begin ] --START--
INFO: Run Behavior\ReadHtmlCacheBehavior [ RunTime:0.000935s ]
INFO: [ app_begin ] --END-- [ RunTime:0.001221s ]

[ 2020-05-08T13:54:15+08:00 ] ::1 /index.php/Home/Index/loginIndex.html
INFO: [ app_init ] --START--
INFO: Run Behavior\BuildLiteBehavior [ RunTime:0.000020s ]
INFO: [ app_init ] --END-- [ RunTime:0.000376s ]
INFO: [ app_begin ] --START--
INFO: Run Behavior\ReadHtmlCacheBehavior [ RunTime:0.000747s ]
INFO: [ app_begin ] --END-- [ RunTime:0.000954s ]
INFO: [ view_parse ] --START--
INFO: [ template_filter ] --START--
INFO: Run Behavior\ContentReplaceBehavior [ RunTime:0.000057s ]
INFO: [ template_filter ] --END-- [ RunTime:0.000151s ]
INFO: Run Behavior\ParseTemplateBehavior [ RunTime:0.021294s ]
INFO: [ view_parse ] --END-- [ RunTime:0.021424s ]
INFO: [ view_filter ] --START--
INFO: Run Behavior\WriteHtmlCacheBehavior [ RunTime:0.000275s ]
INFO: [ view_filter ] --END-- [ RunTime:0.000352s ]
INFO: [ app_end ] --START--
INFO: Run Behavior\ShowPageTraceBehavior [ RunTime:0.000432s ]
INFO: [ app_end ] --END-- [ RunTime:0.000512s ]

[ 2020-05-08T13:54:17+08:00 ] ::1 /index.php/Home/Index/check_user
INFO: [ app_init ] --START--
INFO: Run Behavior\BuildLiteBehavior [ RunTime:0.000049s ]
INFO: [ app_init ] --END-- [ RunTime:0.000398s ]
INFO: [ app_begin ] --START--
INFO: Run Behavior\ReadHtmlCacheBehavior [ RunTime:0.000369s ]
INFO: [ app_begin ] --END-- [ RunTime:0.000435s ]
SQL: SHOW COLUMNS FROM `tb_user` [ RunTime:0.0277s ]
SQL: SELECT * FROM `tb_user` WHERE `username` = 'xmd' LIMIT 1   [ RunTime:0.0086s ]

[ 2020-05-08T13:54:17+08:00 ] ::1 /index.php/Home/Index/check_user.html
INFO: [ app_init ] --START--
INFO: Run Behavior\BuildLiteBehavior [ RunTime:0.000018s ]
INFO: [ app_init ] --END-- [ RunTime:0.000303s ]
INFO: [ app_begin ] --START--
INFO: Run Behavior\ReadHtmlCacheBehavior [ RunTime:0.000361s ]
INFO: [ app_begin ] --END-- [ RunTime:0.000432s ]
SQL: SHOW COLUMNS FROM `tb_user` [ RunTime:0.0055s ]
SQL: SELECT * FROM `tb_user` WHERE `username` = 'xmd' LIMIT 1   [ RunTime:0.0004s ]

[ 2020-05-08T13:54:17+08:00 ] ::1 /index.php/Home/Index/mainIndex.html
INFO: [ app_init ] --START--
INFO: Run Behavior\BuildLiteBehavior [ RunTime:0.000018s ]
INFO: [ app_init ] --END-- [ RunTime:0.000309s ]
INFO: [ app_begin ] --START--
INFO: Run Behavior\ReadHtmlCacheBehavior [ RunTime:0.000373s ]
INFO: [ app_begin ] --END-- [ RunTime:0.000458s ]
INFO: [ view_parse ] --START--
INFO: [ template_filter ] --START--
INFO: Run Behavior\ContentReplaceBehavior [ RunTime:0.000077s ]
INFO: [ template_filter ] --END-- [ RunTime:0.000176s ]
INFO: Run Behavior\ParseTemplateBehavior [ RunTime:0.042127s ]
INFO: [ view_parse ] --END-- [ RunTime:0.042220s ]
INFO: [ view_filter ] --START--
INFO: Run Behavior\WriteHtmlCacheBehavior [ RunTime:0.000270s ]
INFO: [ view_filter ] --END-- [ RunTime:0.000347s ]
INFO: [ app_end ] --START--
INFO: Run Behavior\ShowPageTraceBehavior [ RunTime:0.000586s ]
INFO: [ app_end ] --END-- [ RunTime:0.000733s ]

[ 2020-05-08T13:54:17+08:00 ] ::1 /index.php/Home/Index/compMain.html
INFO: [ app_init ] --START--
INFO: Run Behavior\BuildLiteBehavior [ RunTime:0.000023s ]
INFO: [ app_init ] --END-- [ RunTime:0.000467s ]
INFO: [ app_begin ] --START--
INFO: Run Behavior\ReadHtmlCacheBehavior [ RunTime:0.000613s ]
INFO: [ app_begin ] --END-- [ RunTime:0.000793s ]
INFO: [ view_parse ] --START--
INFO: [ template_filter ] --START--
INFO: Run Behavior\ContentReplaceBehavior [ RunTime:0.000071s ]
INFO: [ template_filter ] --END-- [ RunTime:0.000183s ]
INFO: Run Behavior\ParseTemplateBehavior [ RunTime:0.039544s ]
INFO: [ view_parse ] --END-- [ RunTime:0.039671s ]
INFO: [ view_filter ] --START--
INFO: Run Behavior\WriteHtmlCacheBehavior [ RunTime:0.000270s ]
INFO: [ view_filter ] --END-- [ RunTime:0.000347s ]
INFO: [ app_end ] --START--
INFO: Run Behavior\ShowPageTraceBehavior [ RunTime:0.000372s ]
INFO: [ app_end ] --END-- [ RunTime:0.000452s ]

[ 2020-05-08T13:54:17+08:00 ] ::1 /index.php/Home/Manage/index.html
INFO: [ app_init ] --START--
INFO: Run Behavior\BuildLiteBehavior [ RunTime:0.000019s ]
INFO: [ app_init ] --END-- [ RunTime:0.000314s ]
INFO: [ app_begin ] --START--
INFO: Run Behavior\ReadHtmlCacheBehavior [ RunTime:0.001374s ]
INFO: [ app_begin ] --END-- [ RunTime:0.001668s ]
INFO: [ view_parse ] --START--
INFO: [ template_filter ] --START--
INFO: Run Behavior\ContentReplaceBehavior [ RunTime:0.000051s ]
INFO: [ template_filter ] --END-- [ RunTime:0.000187s ]
INFO: Run Behavior\ParseTemplateBehavior [ RunTime:0.020787s ]
INFO: [ view_parse ] --END-- [ RunTime:0.021050s ]
INFO: [ view_filter ] --START--
INFO: Run Behavior\WriteHtmlCacheBehavior [ RunTime:0.000515s ]
INFO: [ view_filter ] --END-- [ RunTime:0.000607s ]
INFO: [ app_end ] --START--
INFO: Run Behavior\ShowPageTraceBehavior [ RunTime:0.000431s ]
INFO: [ app_end ] --END-- [ RunTime:0.000504s ]

[ 2020-05-08T13:54:19+08:00 ] ::1 /index.php/Home/Manage/compManage.html
INFO: [ app_init ] --START--
INFO: Run Behavior\BuildLiteBehavior [ RunTime:0.000016s ]
INFO: [ app_init ] --END-- [ RunTime:0.000280s ]
INFO: [ app_begin ] --START--
INFO: Run Behavior\ReadHtmlCacheBehavior [ RunTime:0.000426s ]
INFO: [ app_begin ] --END-- [ RunTime:0.000503s ]
SQL: SHOW COLUMNS FROM `tb_dic_manage` [ RunTime:0.0142s ]
SQL: SELECT * FROM `tb_dic_manage` WHERE `pid` = 1  [ RunTime:0.0011s ]
SQL: SELECT * FROM `tb_dic_manage` WHERE `pid` = 3  [ RunTime:0.0002s ]
SQL: SHOW COLUMNS FROM `tb_comp_reserve` [ RunTime:0.0160s ]
SQL: SELECT * FROM `tb_comp_reserve`  [ RunTime:0.0009s ]
NOTIC: [2] Missing argument 3 for Home\Controller\ManageController::storeManage(), called in D:\wamp\www\Apps\Home\Controller\ManageController.class.php on line 34 and defined D:\wamp\www\Apps\Home\Controller\ManageController.class.php 第 430 行.
SQL: SHOW COLUMNS FROM `tb_comp_reserve` [ RunTime:0.0068s ]
SQL: SELECT `store_num` FROM `tb_comp_reserve` WHERE `id` = 0 LIMIT 1   [ RunTime:0.0008s ]
NOTIC: [8] Undefined variable: mode D:\wamp\www\Apps\Home\Controller\ManageController.class.php 第 435 行.
SQL: UPDATE `tb_comp_reserve` SET `store_num`='-1' WHERE `id` = 0 [ RunTime:0.0011s ]
INFO: [ view_parse ] --START--
INFO: [ template_filter ] --START--
INFO: Run Behavior\ContentReplaceBehavior [ RunTime:0.000116s ]
INFO: [ template_filter ] --END-- [ RunTime:0.000202s ]
INFO: Run Behavior\ParseTemplateBehavior [ RunTime:0.076272s ]
INFO: [ view_parse ] --END-- [ RunTime:0.076385s ]
INFO: [ view_filter ] --START--
INFO: Run Behavior\WriteHtmlCacheBehavior [ RunTime:0.000340s ]
INFO: [ view_filter ] --END-- [ RunTime:0.000417s ]
INFO: [ app_end ] --START--
INFO: Run Behavior\ShowPageTraceBehavior [ RunTime:0.000487s ]
INFO: [ app_end ] --END-- [ RunTime:0.000566s ]

[ 2020-05-08T13:54:20+08:00 ] ::1 /index.php/Home/Manage/compOut.html
INFO: [ app_init ] --START--
INFO: Run Behavior\BuildLiteBehavior [ RunTime:0.000016s ]
INFO: [ app_init ] --END-- [ RunTime:0.000313s ]
INFO: [ app_begin ] --START--
INFO: Run Behavior\ReadHtmlCacheBehavior [ RunTime:0.000393s ]
INFO: [ app_begin ] --END-- [ RunTime:0.000475s ]
SQL: SHOW COLUMNS FROM `tb_comp_out` [ RunTime:0.0170s ]
SQL: SELECT * FROM `tb_comp_out` ORDER BY `date` desc  [ RunTime:0.0011s ]
SQL: SHOW COLUMNS FROM `tb_comp_reserve` [ RunTime:0.0092s ]
SQL: SELECT * FROM `tb_comp_reserve`  [ RunTime:0.0003s ]
SQL: SHOW COLUMNS FROM `tb_dic_manage` [ RunTime:0.0095s ]
SQL: SELECT * FROM `tb_dic_manage` WHERE `pid` = 1  [ RunTime:0.0003s ]
SQL: SELECT * FROM `tb_dic_manage` WHERE `pid` = 3  [ RunTime:0.0008s ]
INFO: [ view_parse ] --START--
INFO: [ template_filter ] --START--
INFO: Run Behavior\ContentReplaceBehavior [ RunTime:0.000077s ]
INFO: [ template_filter ] --END-- [ RunTime:0.000164s ]
INFO: Run Behavior\ParseTemplateBehavior [ RunTime:0.062373s ]
INFO: [ view_parse ] --END-- [ RunTime:0.062460s ]
INFO: [ view_filter ] --START--
INFO: Run Behavior\WriteHtmlCacheBehavior [ RunTime:0.000290s ]
INFO: [ view_filter ] --END-- [ RunTime:0.000361s ]
INFO: [ app_end ] --START--
INFO: Run Behavior\ShowPageTraceBehavior [ RunTime:0.000484s ]
INFO: [ app_end ] --END-- [ RunTime:0.000556s ]

[ 2020-05-08T13:54:21+08:00 ] ::1 /index.php/Home/Manage/compManage.html
INFO: [ app_init ] --START--
INFO: Run Behavior\BuildLiteBehavior [ RunTime:0.000024s ]
INFO: [ app_init ] --END-- [ RunTime:0.000342s ]
INFO: [ app_begin ] --START--
INFO: Run Behavior\ReadHtmlCacheBehavior [ RunTime:0.000485s ]
INFO: [ app_begin ] --END-- [ RunTime:0.000582s ]
SQL: SHOW COLUMNS FROM `tb_dic_manage` [ RunTime:0.0138s ]
SQL: SELECT * FROM `tb_dic_manage` WHERE `pid` = 1  [ RunTime:0.0003s ]
SQL: SELECT * FROM `tb_dic_manage` WHERE `pid` = 3  [ RunTime:0.0002s ]
SQL: SHOW COLUMNS FROM `tb_comp_reserve` [ RunTime:0.0088s ]
SQL: SELECT * FROM `tb_comp_reserve`  [ RunTime:0.0003s ]
NOTIC: [2] Missing argument 3 for Home\Controller\ManageController::storeManage(), called in D:\wamp\www\Apps\Home\Controller\ManageController.class.php on line 34 and defined D:\wamp\www\Apps\Home\Controller\ManageController.class.php 第 430 行.
SQL: SHOW COLUMNS FROM `tb_comp_reserve` [ RunTime:0.0053s ]
SQL: SELECT `store_num` FROM `tb_comp_reserve` WHERE `id` = 0 LIMIT 1   [ RunTime:0.0003s ]
NOTIC: [8] Undefined variable: mode D:\wamp\www\Apps\Home\Controller\ManageController.class.php 第 435 行.
SQL: UPDATE `tb_comp_reserve` SET `store_num`='-1' WHERE `id` = 0 [ RunTime:0.0003s ]
INFO: [ view_parse ] --START--
INFO: [ template_filter ] --START--
INFO: Run Behavior\ContentReplaceBehavior [ RunTime:0.000149s ]
INFO: [ template_filter ] --END-- [ RunTime:0.000240s ]
INFO: Run Behavior\ParseTemplateBehavior [ RunTime:0.057585s ]
INFO: [ view_parse ] --END-- [ RunTime:0.057674s ]
INFO: [ view_filter ] --START--
INFO: Run Behavior\WriteHtmlCacheBehavior [ RunTime:0.000394s ]
INFO: [ view_filter ] --END-- [ RunTime:0.000470s ]
INFO: [ app_end ] --START--
INFO: Run Behavior\ShowPageTraceBehavior [ RunTime:0.000579s ]
INFO: [ app_end ] --END-- [ RunTime:0.000693s ]

[ 2020-05-08T13:54:37+08:00 ] ::1 /index.php/Home/Manage/compOut.html
INFO: [ app_init ] --START--
INFO: Run Behavior\BuildLiteBehavior [ RunTime:0.000016s ]
INFO: [ app_init ] --END-- [ RunTime:0.000278s ]
INFO: [ app_begin ] --START--
INFO: Run Behavior\ReadHtmlCacheBehavior [ RunTime:0.000389s ]
INFO: [ app_begin ] --END-- [ RunTime:0.000467s ]
SQL: SHOW COLUMNS FROM `tb_comp_out` [ RunTime:0.0134s ]
SQL: SELECT * FROM `tb_comp_out` ORDER BY `date` desc  [ RunTime:0.0003s ]
SQL: SHOW COLUMNS FROM `tb_comp_reserve` [ RunTime:0.0116s ]
SQL: SELECT * FROM `tb_comp_reserve`  [ RunTime:0.0003s ]
SQL: SHOW COLUMNS FROM `tb_dic_manage` [ RunTime:0.0077s ]
SQL: SELECT * FROM `tb_dic_manage` WHERE `pid` = 1  [ RunTime:0.0003s ]
SQL: SELECT * FROM `tb_dic_manage` WHERE `pid` = 3  [ RunTime:0.0002s ]
INFO: [ view_parse ] --START--
INFO: [ template_filter ] --START--
INFO: Run Behavior\ContentReplaceBehavior [ RunTime:0.000099s ]
INFO: [ template_filter ] --END-- [ RunTime:0.000187s ]
INFO: Run Behavior\ParseTemplateBehavior [ RunTime:0.045371s ]
INFO: [ view_parse ] --END-- [ RunTime:0.045462s ]
INFO: [ view_filter ] --START--
INFO: Run Behavior\WriteHtmlCacheBehavior [ RunTime:0.000314s ]
INFO: [ view_filter ] --END-- [ RunTime:0.000390s ]
INFO: [ app_end ] --START--
INFO: Run Behavior\ShowPageTraceBehavior [ RunTime:0.000439s ]
INFO: [ app_end ] --END-- [ RunTime:0.000519s ]

[ 2020-05-08T13:54:38+08:00 ] ::1 /index.php/Home/Manage/compManage.html
INFO: [ app_init ] --START--
INFO: Run Behavior\BuildLiteBehavior [ RunTime:0.000016s ]
INFO: [ app_init ] --END-- [ RunTime:0.000279s ]
INFO: [ app_begin ] --START--
INFO: Run Behavior\ReadHtmlCacheBehavior [ RunTime:0.000422s ]
INFO: [ app_begin ] --END-- [ RunTime:0.000500s ]
SQL: SHOW COLUMNS FROM `tb_dic_manage` [ RunTime:0.0125s ]
SQL: SELECT * FROM `tb_dic_manage` WHERE `pid` = 1  [ RunTime:0.0003s ]
SQL: SELECT * FROM `tb_dic_manage` WHERE `pid` = 3  [ RunTime:0.0003s ]
SQL: SHOW COLUMNS FROM `tb_comp_reserve` [ RunTime:0.0088s ]
SQL: SELECT * FROM `tb_comp_reserve`  [ RunTime:0.0003s ]
NOTIC: [2] Missing argument 3 for Home\Controller\ManageController::storeManage(), called in D:\wamp\www\Apps\Home\Controller\ManageController.class.php on line 34 and defined D:\wamp\www\Apps\Home\Controller\ManageController.class.php 第 430 行.
SQL: SHOW COLUMNS FROM `tb_comp_reserve` [ RunTime:0.0048s ]
SQL: SELECT `store_num` FROM `tb_comp_reserve` WHERE `id` = 0 LIMIT 1   [ RunTime:0.0003s ]
NOTIC: [8] Undefined variable: mode D:\wamp\www\Apps\Home\Controller\ManageController.class.php 第 435 行.
SQL: UPDATE `tb_comp_reserve` SET `store_num`='-1' WHERE `id` = 0 [ RunTime:0.0008s ]
INFO: [ view_parse ] --START--
INFO: [ template_filter ] --START--
INFO: Run Behavior\ContentReplaceBehavior [ RunTime:0.000150s ]
INFO: [ template_filter ] --END-- [ RunTime:0.000237s ]
INFO: Run Behavior\ParseTemplateBehavior [ RunTime:0.050710s ]
INFO: [ view_parse ] --END-- [ RunTime:0.050810s ]
INFO: [ view_filter ] --START--
INFO: Run Behavior\WriteHtmlCacheBehavior [ RunTime:0.000292s ]
INFO: [ view_filter ] --END-- [ RunTime:0.000362s ]
INFO: [ app_end ] --START--
INFO: Run Behavior\ShowPageTraceBehavior [ RunTime:0.000473s ]
INFO: [ app_end ] --END-- [ RunTime:0.000611s ]

[ 2020-05-08T13:54:39+08:00 ] ::1 /index.php/Home/Manage/compOut.html
INFO: [ app_init ] --START--
INFO: Run Behavior\BuildLiteBehavior [ RunTime:0.000018s ]
INFO: [ app_init ] --END-- [ RunTime:0.000302s ]
INFO: [ app_begin ] --START--
INFO: Run Behavior\ReadHtmlCacheBehavior [ RunTime:0.000420s ]
INFO: [ app_begin ] --END-- [ RunTime:0.000504s ]
SQL: SHOW COLUMNS FROM `tb_comp_out` [ RunTime:0.0125s ]
SQL: SELECT * FROM `tb_comp_out` ORDER BY `date` desc  [ RunTime:0.0003s ]
SQL: SHOW COLUMNS FROM `tb_comp_reserve` [ RunTime:0.0095s ]
SQL: SELECT * FROM `tb_comp_reserve`  [ RunTime:0.0003s ]
SQL: SHOW COLUMNS FROM `tb_dic_manage` [ RunTime:0.0081s ]
SQL: SELECT * FROM `tb_dic_manage` WHERE `pid` = 1  [ RunTime:0.0003s ]
SQL: SELECT * FROM `tb_dic_manage` WHERE `pid` = 3  [ RunTime:0.0002s ]
INFO: [ view_parse ] --START--
INFO: [ template_filter ] --START--
INFO: Run Behavior\ContentReplaceBehavior [ RunTime:0.000077s ]
INFO: [ template_filter ] --END-- [ RunTime:0.000162s ]
INFO: Run Behavior\ParseTemplateBehavior [ RunTime:0.041428s ]
INFO: [ view_parse ] --END-- [ RunTime:0.041513s ]
INFO: [ view_filter ] --START--
INFO: Run Behavior\WriteHtmlCacheBehavior [ RunTime:0.000288s ]
INFO: [ view_filter ] --END-- [ RunTime:0.000358s ]
INFO: [ app_end ] --START--
INFO: Run Behavior\ShowPageTraceBehavior [ RunTime:0.000423s ]
INFO: [ app_end ] --END-- [ RunTime:0.000494s ]

[ 2020-05-08T13:54:40+08:00 ] ::1 /index.php/Home/Manage/compIn.html
INFO: [ app_init ] --START--
INFO: Run Behavior\BuildLiteBehavior [ RunTime:0.000015s ]
INFO: [ app_init ] --END-- [ RunTime:0.000281s ]
INFO: [ app_begin ] --START--
INFO: Run Behavior\ReadHtmlCacheBehavior [ RunTime:0.000389s ]
INFO: [ app_begin ] --END-- [ RunTime:0.000466s ]
SQL: SHOW COLUMNS FROM `tb_comp_in` [ RunTime:0.0150s ]
SQL: SELECT * FROM `tb_comp_in`  [ RunTime:0.0003s ]
SQL: SHOW COLUMNS FROM `tb_comp_reserve` [ RunTime:0.0077s ]
SQL: SELECT `type`,`name`,`standard`,`store_num`,`project_pact`,`comp_pact` FROM `tb_comp_reserve` WHERE ( 1=1 AND id='10' ) LIMIT 1   [ RunTime:0.0005s ]
SQL: SELECT * FROM `tb_comp_reserve`  [ RunTime:0.0003s ]
SQL: SHOW COLUMNS FROM `tb_dic_manage` [ RunTime:0.0086s ]
SQL: SELECT * FROM `tb_dic_manage` WHERE `pid` = 1  [ RunTime:0.0003s ]
SQL: SELECT * FROM `tb_dic_manage` WHERE `pid` = 3  [ RunTime:0.0002s ]
INFO: [ view_parse ] --START--
INFO: [ template_filter ] --START--
INFO: Run Behavior\ContentReplaceBehavior [ RunTime:0.000067s ]
INFO: [ template_filter ] --END-- [ RunTime:0.000148s ]
INFO: Run Behavior\ParseTemplateBehavior [ RunTime:0.057260s ]
INFO: [ view_parse ] --END-- [ RunTime:0.057347s ]
INFO: [ view_filter ] --START--
INFO: Run Behavior\WriteHtmlCacheBehavior [ RunTime:0.000311s ]
INFO: [ view_filter ] --END-- [ RunTime:0.000453s ]
INFO: [ app_end ] --START--
INFO: Run Behavior\ShowPageTraceBehavior [ RunTime:0.000416s ]
INFO: [ app_end ] --END-- [ RunTime:0.000505s ]

[ 2020-05-08T13:54:41+08:00 ] ::1 /index.php/Home/Manage/compOut.html
INFO: [ app_init ] --START--
INFO: Run Behavior\BuildLiteBehavior [ RunTime:0.000017s ]
INFO: [ app_init ] --END-- [ RunTime:0.000314s ]
INFO: [ app_begin ] --START--
INFO: Run Behavior\ReadHtmlCacheBehavior [ RunTime:0.000442s ]
INFO: [ app_begin ] --END-- [ RunTime:0.000550s ]
SQL: SHOW COLUMNS FROM `tb_comp_out` [ RunTime:0.0112s ]
SQL: SELECT * FROM `tb_comp_out` ORDER BY `date` desc  [ RunTime:0.0003s ]
SQL: SHOW COLUMNS FROM `tb_comp_reserve` [ RunTime:0.0078s ]
SQL: SELECT * FROM `tb_comp_reserve`  [ RunTime:0.0003s ]
SQL: SHOW COLUMNS FROM `tb_dic_manage` [ RunTime:0.0084s ]
SQL: SELECT * FROM `tb_dic_manage` WHERE `pid` = 1  [ RunTime:0.0003s ]
SQL: SELECT * FROM `tb_dic_manage` WHERE `pid` = 3  [ RunTime:0.0002s ]
INFO: [ view_parse ] --START--
INFO: [ template_filter ] --START--
INFO: Run Behavior\ContentReplaceBehavior [ RunTime:0.000084s ]
INFO: [ template_filter ] --END-- [ RunTime:0.000166s ]
INFO: Run Behavior\ParseTemplateBehavior [ RunTime:0.042034s ]
INFO: [ view_parse ] --END-- [ RunTime:0.042176s ]
INFO: [ view_filter ] --START--
INFO: Run Behavior\WriteHtmlCacheBehavior [ RunTime:0.000439s ]
INFO: [ view_filter ] --END-- [ RunTime:0.000521s ]
INFO: [ app_end ] --START--
INFO: Run Behavior\ShowPageTraceBehavior [ RunTime:0.000473s ]
INFO: [ app_end ] --END-- [ RunTime:0.000548s ]

[ 2020-05-08T13:54:49+08:00 ] ::1 /index.php/Home/Manage/addCompOut.html
INFO: [ app_init ] --START--
INFO: Run Behavior\BuildLiteBehavior [ RunTime:0.000017s ]
INFO: [ app_init ] --END-- [ RunTime:0.000292s ]
INFO: [ app_begin ] --START--
INFO: Run Behavior\ReadHtmlCacheBehavior [ RunTime:0.001599s ]
INFO: [ app_begin ] --END-- [ RunTime:0.001819s ]
SQL: SHOW COLUMNS FROM `tb_comp_out` [ RunTime:0.0188s ]
SQL: INSERT INTO `tb_comp_out` (`comp_id`,`outNum`,`remain`,`user`,`manageer`,`date`,`mark`) VALUES ('10','2','9','','xmd','2020-05-08 13:54:49','') [ RunTime:0.0048s ]
SQL: SHOW COLUMNS FROM `tb_comp_reserve` [ RunTime:0.0128s ]
SQL: SELECT `store_num` FROM `tb_comp_reserve` WHERE `id` = 10 LIMIT 1   [ RunTime:0.0003s ]
SQL: UPDATE `tb_comp_reserve` SET `store_num`='9' WHERE `id` = 10 [ RunTime:0.0018s ]

[ 2020-05-08T13:54:52+08:00 ] ::1 /index.php/Home/Manage/compOut.html
INFO: [ app_init ] --START--
INFO: Run Behavior\BuildLiteBehavior [ RunTime:0.000018s ]
INFO: [ app_init ] --END-- [ RunTime:0.000304s ]
INFO: [ app_begin ] --START--
INFO: Run Behavior\ReadHtmlCacheBehavior [ RunTime:0.000420s ]
INFO: [ app_begin ] --END-- [ RunTime:0.000504s ]
SQL: SHOW COLUMNS FROM `tb_comp_out` [ RunTime:0.0175s ]
SQL: SELECT * FROM `tb_comp_out` ORDER BY `date` desc  [ RunTime:0.0005s ]
SQL: SHOW COLUMNS FROM `tb_comp_reserve` [ RunTime:0.0136s ]
SQL: SELECT `type`,`name`,`standard`,`store_num`,`project_pact`,`comp_pact` FROM `tb_comp_reserve` WHERE ( 1=1 AND id='10' ) LIMIT 1   [ RunTime:0.0003s ]
SQL: SELECT * FROM `tb_comp_reserve`  [ RunTime:0.0002s ]
SQL: SHOW COLUMNS FROM `tb_dic_manage` [ RunTime:0.0078s ]
SQL: SELECT * FROM `tb_dic_manage` WHERE `pid` = 1  [ RunTime:0.0003s ]
SQL: SELECT * FROM `tb_dic_manage` WHERE `pid` = 3  [ RunTime:0.0003s ]
INFO: [ view_parse ] --START--
INFO: [ template_filter ] --START--
INFO: Run Behavior\ContentReplaceBehavior [ RunTime:0.000079s ]
INFO: [ template_filter ] --END-- [ RunTime:0.000165s ]
INFO: Run Behavior\ParseTemplateBehavior [ RunTime:0.058250s ]
INFO: [ view_parse ] --END-- [ RunTime:0.058385s ]
INFO: [ view_filter ] --START--
INFO: Run Behavior\WriteHtmlCacheBehavior [ RunTime:0.000304s ]
INFO: [ view_filter ] --END-- [ RunTime:0.000390s ]
INFO: [ app_end ] --START--
INFO: Run Behavior\ShowPageTraceBehavior [ RunTime:0.000397s ]
INFO: [ app_end ] --END-- [ RunTime:0.000468s ]

[ 2020-05-08T13:54:56+08:00 ] ::1 /index.php/Home/Manage/dicManage.html
INFO: [ app_init ] --START--
INFO: Run Behavior\BuildLiteBehavior [ RunTime:0.000017s ]
INFO: [ app_init ] --END-- [ RunTime:0.000304s ]
INFO: [ app_begin ] --START--
INFO: Run Behavior\ReadHtmlCacheBehavior [ RunTime:0.000425s ]
INFO: [ app_begin ] --END-- [ RunTime:0.000509s ]
SQL: SHOW COLUMNS FROM `tb_dic_dic` [ RunTime:0.0147s ]
SQL: SELECT * FROM `tb_dic_dic`  [ RunTime:0.0012s ]
INFO: [ view_parse ] --START--
INFO: [ template_filter ] --START--
INFO: Run Behavior\ContentReplaceBehavior [ RunTime:0.000081s ]
INFO: [ template_filter ] --END-- [ RunTime:0.000173s ]
INFO: Run Behavior\ParseTemplateBehavior [ RunTime:0.043669s ]
INFO: [ view_parse ] --END-- [ RunTime:0.043761s ]
INFO: [ view_filter ] --START--
INFO: Run Behavior\WriteHtmlCacheBehavior [ RunTime:0.000361s ]
INFO: [ view_filter ] --END-- [ RunTime:0.000438s ]
INFO: [ app_end ] --START--
INFO: Run Behavior\ShowPageTraceBehavior [ RunTime:0.000463s ]
INFO: [ app_end ] --END-- [ RunTime:0.000544s ]

[ 2020-05-08T13:54:57+08:00 ] ::1 /index.php/Home/Manage/dicManage.html
INFO: [ app_init ] --START--
INFO: Run Behavior\BuildLiteBehavior [ RunTime:0.000016s ]
INFO: [ app_init ] --END-- [ RunTime:0.000301s ]
INFO: [ app_begin ] --START--
INFO: Run Behavior\ReadHtmlCacheBehavior [ RunTime:0.000387s ]
INFO: [ app_begin ] --END-- [ RunTime:0.000462s ]
SQL: SHOW COLUMNS FROM `tb_dic_dic` [ RunTime:0.0112s ]
SQL: SELECT * FROM `tb_dic_dic`  [ RunTime:0.0003s ]
INFO: [ view_parse ] --START--
INFO: [ template_filter ] --START--
INFO: Run Behavior\ContentReplaceBehavior [ RunTime:0.000065s ]
INFO: [ template_filter ] --END-- [ RunTime:0.000144s ]
INFO: Run Behavior\ParseTemplateBehavior [ RunTime:0.007800s ]
INFO: [ view_parse ] --END-- [ RunTime:0.007883s ]
INFO: [ view_filter ] --START--
INFO: Run Behavior\WriteHtmlCacheBehavior [ RunTime:0.000300s ]
INFO: [ view_filter ] --END-- [ RunTime:0.000373s ]
INFO: [ app_end ] --START--
INFO: Run Behavior\ShowPageTraceBehavior [ RunTime:0.000395s ]
INFO: [ app_end ] --END-- [ RunTime:0.000467s ]

[ 2020-05-08T13:54:59+08:00 ] ::1 /index.php/Home/Manage/index.html
INFO: [ app_init ] --START--
INFO: Run Behavior\BuildLiteBehavior [ RunTime:0.000016s ]
INFO: [ app_init ] --END-- [ RunTime:0.000275s ]
INFO: [ app_begin ] --START--
INFO: Run Behavior\ReadHtmlCacheBehavior [ RunTime:0.000495s ]
INFO: [ app_begin ] --END-- [ RunTime:0.000621s ]
INFO: [ view_parse ] --START--
INFO: [ template_filter ] --START--
INFO: Run Behavior\ContentReplaceBehavior [ RunTime:0.000052s ]
INFO: [ template_filter ] --END-- [ RunTime:0.000155s ]
INFO: Run Behavior\ParseTemplateBehavior [ RunTime:0.005035s ]
INFO: [ view_parse ] --END-- [ RunTime:0.005128s ]
INFO: [ view_filter ] --START--
INFO: Run Behavior\WriteHtmlCacheBehavior [ RunTime:0.000322s ]
INFO: [ view_filter ] --END-- [ RunTime:0.000398s ]
INFO: [ app_end ] --START--
INFO: Run Behavior\ShowPageTraceBehavior [ RunTime:0.000441s ]
INFO: [ app_end ] --END-- [ RunTime:0.000523s ]

[ 2020-05-08T13:54:59+08:00 ] ::1 /index.php/Home/Manage/dicManage.html
INFO: [ app_init ] --START--
INFO: Run Behavior\BuildLiteBehavior [ RunTime:0.000017s ]
INFO: [ app_init ] --END-- [ RunTime:0.000338s ]
INFO: [ app_begin ] --START--
INFO: Run Behavior\ReadHtmlCacheBehavior [ RunTime:0.000409s ]
INFO: [ app_begin ] --END-- [ RunTime:0.000488s ]
SQL: SHOW COLUMNS FROM `tb_dic_dic` [ RunTime:0.0114s ]
SQL: SELECT * FROM `tb_dic_dic`  [ RunTime:0.0002s ]
INFO: [ view_parse ] --START--
INFO: [ template_filter ] --START--
INFO: Run Behavior\ContentReplaceBehavior [ RunTime:0.000085s ]
INFO: [ template_filter ] --END-- [ RunTime:0.000170s ]
INFO: Run Behavior\ParseTemplateBehavior [ RunTime:0.007691s ]
INFO: [ view_parse ] --END-- [ RunTime:0.007777s ]
INFO: [ view_filter ] --START--
INFO: Run Behavior\WriteHtmlCacheBehavior [ RunTime:0.000391s ]
INFO: [ view_filter ] --END-- [ RunTime:0.000503s ]
INFO: [ app_end ] --START--
INFO: Run Behavior\ShowPageTraceBehavior [ RunTime:0.000433s ]
INFO: [ app_end ] --END-- [ RunTime:0.000507s ]

[ 2020-05-08T13:55:01+08:00 ] ::1 /index.php/Home/Manage/compIn.html
INFO: [ app_init ] --START--
INFO: Run Behavior\BuildLiteBehavior [ RunTime:0.000016s ]
INFO: [ app_init ] --END-- [ RunTime:0.000273s ]
INFO: [ app_begin ] --START--
INFO: Run Behavior\ReadHtmlCacheBehavior [ RunTime:0.000485s ]
INFO: [ app_begin ] --END-- [ RunTime:0.000609s ]
SQL: SHOW COLUMNS FROM `tb_comp_in` [ RunTime:0.0122s ]
SQL: SELECT * FROM `tb_comp_in`  [ RunTime:0.0003s ]
SQL: SHOW COLUMNS FROM `tb_comp_reserve` [ RunTime:0.0081s ]
SQL: SELECT `type`,`name`,`standard`,`store_num`,`project_pact`,`comp_pact` FROM `tb_comp_reserve` WHERE ( 1=1 AND id='10' ) LIMIT 1   [ RunTime:0.0003s ]
SQL: SELECT * FROM `tb_comp_reserve`  [ RunTime:0.0003s ]
SQL: SHOW COLUMNS FROM `tb_dic_manage` [ RunTime:0.0080s ]
SQL: SELECT * FROM `tb_dic_manage` WHERE `pid` = 1  [ RunTime:0.0003s ]
SQL: SELECT * FROM `tb_dic_manage` WHERE `pid` = 3  [ RunTime:0.0002s ]
INFO: [ view_parse ] --START--
INFO: [ template_filter ] --START--
INFO: Run Behavior\ContentReplaceBehavior [ RunTime:0.000071s ]
INFO: [ template_filter ] --END-- [ RunTime:0.000163s ]
INFO: Run Behavior\ParseTemplateBehavior [ RunTime:0.046744s ]
INFO: [ view_parse ] --END-- [ RunTime:0.046835s ]
INFO: [ view_filter ] --START--
INFO: Run Behavior\WriteHtmlCacheBehavior [ RunTime:0.000353s ]
INFO: [ view_filter ] --END-- [ RunTime:0.000446s ]
INFO: [ app_end ] --START--
INFO: Run Behavior\ShowPageTraceBehavior [ RunTime:0.000484s ]
INFO: [ app_end ] --END-- [ RunTime:0.000561s ]

[ 2020-05-08T13:55:03+08:00 ] ::1 /index.php/Home/Manage/index.html
INFO: [ app_init ] --START--
INFO: Run Behavior\BuildLiteBehavior [ RunTime:0.000052s ]
INFO: [ app_init ] --END-- [ RunTime:0.000488s ]
INFO: [ app_begin ] --START--
INFO: Run Behavior\ReadHtmlCacheBehavior [ RunTime:0.000471s ]
INFO: [ app_begin ] --END-- [ RunTime:0.000559s ]
INFO: [ view_parse ] --START--
INFO: [ template_filter ] --START--
INFO: Run Behavior\ContentReplaceBehavior [ RunTime:0.000045s ]
INFO: [ template_filter ] --END-- [ RunTime:0.000122s ]
INFO: Run Behavior\ParseTemplateBehavior [ RunTime:0.004970s ]
INFO: [ view_parse ] --END-- [ RunTime:0.005054s ]
INFO: [ view_filter ] --START--
INFO: Run Behavior\WriteHtmlCacheBehavior [ RunTime:0.000303s ]
INFO: [ view_filter ] --END-- [ RunTime:0.000409s ]
INFO: [ app_end ] --START--
INFO: Run Behavior\ShowPageTraceBehavior [ RunTime:0.000411s ]
INFO: [ app_end ] --END-- [ RunTime:0.000485s ]

[ 2020-05-08T13:55:04+08:00 ] ::1 /index.php/Home/Manage/dicManage.html
INFO: [ app_init ] --START--
INFO: Run Behavior\BuildLiteBehavior [ RunTime:0.000018s ]
INFO: [ app_init ] --END-- [ RunTime:0.000315s ]
INFO: [ app_begin ] --START--
INFO: Run Behavior\ReadHtmlCacheBehavior [ RunTime:0.000502s ]
INFO: [ app_begin ] --END-- [ RunTime:0.000606s ]
SQL: SHOW COLUMNS FROM `tb_dic_dic` [ RunTime:0.0117s ]
SQL: SELECT * FROM `tb_dic_dic`  [ RunTime:0.0002s ]
INFO: [ view_parse ] --START--
INFO: [ template_filter ] --START--
INFO: Run Behavior\ContentReplaceBehavior [ RunTime:0.000084s ]
INFO: [ template_filter ] --END-- [ RunTime:0.000170s ]
INFO: Run Behavior\ParseTemplateBehavior [ RunTime:0.007788s ]
INFO: [ view_parse ] --END-- [ RunTime:0.007878s ]
INFO: [ view_filter ] --START--
INFO: Run Behavior\WriteHtmlCacheBehavior [ RunTime:0.000325s ]
INFO: [ view_filter ] --END-- [ RunTime:0.000401s ]
INFO: [ app_end ] --START--
INFO: Run Behavior\ShowPageTraceBehavior [ RunTime:0.000424s ]
INFO: [ app_end ] --END-- [ RunTime:0.000504s ]

[ 2020-05-08T13:55:06+08:00 ] ::1 /index.php/Home/Manage/compManage.html
INFO: [ app_init ] --START--
INFO: Run Behavior\BuildLiteBehavior [ RunTime:0.000018s ]
INFO: [ app_init ] --END-- [ RunTime:0.000307s ]
INFO: [ app_begin ] --START--
INFO: Run Behavior\ReadHtmlCacheBehavior [ RunTime:0.000430s ]
INFO: [ app_begin ] --END-- [ RunTime:0.000514s ]
SQL: SHOW COLUMNS FROM `tb_dic_manage` [ RunTime:0.0116s ]
SQL: SELECT * FROM `tb_dic_manage` WHERE `pid` = 1  [ RunTime:0.0003s ]
SQL: SELECT * FROM `tb_dic_manage` WHERE `pid` = 3  [ RunTime:0.0002s ]
SQL: SHOW COLUMNS FROM `tb_comp_reserve` [ RunTime:0.0104s ]
SQL: SELECT * FROM `tb_comp_reserve`  [ RunTime:0.0003s ]
NOTIC: [2] Missing argument 3 for Home\Controller\ManageController::storeManage(), called in D:\wamp\www\Apps\Home\Controller\ManageController.class.php on line 34 and defined D:\wamp\www\Apps\Home\Controller\ManageController.class.php 第 430 行.
SQL: SHOW COLUMNS FROM `tb_comp_reserve` [ RunTime:0.0054s ]
SQL: SELECT `store_num` FROM `tb_comp_reserve` WHERE `id` = 0 LIMIT 1   [ RunTime:0.0002s ]
NOTIC: [8] Undefined variable: mode D:\wamp\www\Apps\Home\Controller\ManageController.class.php 第 435 行.
SQL: UPDATE `tb_comp_reserve` SET `store_num`='-1' WHERE `id` = 0 [ RunTime:0.0002s ]
INFO: [ view_parse ] --START--
INFO: [ template_filter ] --START--
INFO: Run Behavior\ContentReplaceBehavior [ RunTime:0.000172s ]
INFO: [ template_filter ] --END-- [ RunTime:0.000273s ]
INFO: Run Behavior\ParseTemplateBehavior [ RunTime:0.058328s ]
INFO: [ view_parse ] --END-- [ RunTime:0.058412s ]
INFO: [ view_filter ] --START--
INFO: Run Behavior\WriteHtmlCacheBehavior [ RunTime:0.000299s ]
INFO: [ view_filter ] --END-- [ RunTime:0.000369s ]
INFO: [ app_end ] --START--
INFO: Run Behavior\ShowPageTraceBehavior [ RunTime:0.000464s ]
INFO: [ app_end ] --END-- [ RunTime:0.000561s ]

[ 2020-05-08T13:55:09+08:00 ] ::1 /index.php/Home/Index/mainIndex.html
INFO: [ app_init ] --START--
INFO: Run Behavior\BuildLiteBehavior [ RunTime:0.000018s ]
INFO: [ app_init ] --END-- [ RunTime:0.000307s ]
INFO: [ app_begin ] --START--
INFO: Run Behavior\ReadHtmlCacheBehavior [ RunTime:0.000423s ]
INFO: [ app_begin ] --END-- [ RunTime:0.000508s ]
INFO: [ view_parse ] --START--
INFO: [ template_filter ] --START--
INFO: Run Behavior\ContentReplaceBehavior [ RunTime:0.000080s ]
INFO: [ template_filter ] --END-- [ RunTime:0.000191s ]
INFO: Run Behavior\ParseTemplateBehavior [ RunTime:0.008707s ]
INFO: [ view_parse ] --END-- [ RunTime:0.008908s ]
INFO: [ view_filter ] --START--
INFO: Run Behavior\WriteHtmlCacheBehavior [ RunTime:0.001037s ]
INFO: [ view_filter ] --END-- [ RunTime:0.001189s ]
INFO: [ app_end ] --START--
INFO: Run Behavior\ShowPageTraceBehavior [ RunTime:0.000764s ]
INFO: [ app_end ] --END-- [ RunTime:0.000983s ]

[ 2020-05-08T13:55:09+08:00 ] ::1 /index.php/Home/Index/compMain.html
INFO: [ app_init ] --START--
INFO: Run Behavior\BuildLiteBehavior [ RunTime:0.000019s ]
INFO: [ app_init ] --END-- [ RunTime:0.000321s ]
INFO: [ app_begin ] --START--
INFO: Run Behavior\ReadHtmlCacheBehavior [ RunTime:0.000438s ]
INFO: [ app_begin ] --END-- [ RunTime:0.000524s ]
INFO: [ view_parse ] --START--
INFO: [ template_filter ] --START--
INFO: Run Behavior\ContentReplaceBehavior [ RunTime:0.000112s ]
INFO: [ template_filter ] --END-- [ RunTime:0.000337s ]
INFO: Run Behavior\ParseTemplateBehavior [ RunTime:0.010238s ]
INFO: [ view_parse ] --END-- [ RunTime:0.010352s ]
INFO: [ view_filter ] --START--
INFO: Run Behavior\WriteHtmlCacheBehavior [ RunTime:0.000323s ]
INFO: [ view_filter ] --END-- [ RunTime:0.000403s ]
INFO: [ app_end ] --START--
INFO: Run Behavior\ShowPageTraceBehavior [ RunTime:0.000438s ]
INFO: [ app_end ] --END-- [ RunTime:0.000518s ]

[ 2020-05-08T13:55:09+08:00 ] ::1 /index.php/Home/Manage/index.html
INFO: [ app_init ] --START--
INFO: Run Behavior\BuildLiteBehavior [ RunTime:0.000019s ]
INFO: [ app_init ] --END-- [ RunTime:0.000485s ]
INFO: [ app_begin ] --START--
INFO: Run Behavior\ReadHtmlCacheBehavior [ RunTime:0.000508s ]
INFO: [ app_begin ] --END-- [ RunTime:0.000601s ]
INFO: [ view_parse ] --START--
INFO: [ template_filter ] --START--
INFO: Run Behavior\ContentReplaceBehavior [ RunTime:0.000050s ]
INFO: [ template_filter ] --END-- [ RunTime:0.000138s ]
INFO: Run Behavior\ParseTemplateBehavior [ RunTime:0.004928s ]
INFO: [ view_parse ] --END-- [ RunTime:0.005018s ]
INFO: [ view_filter ] --START--
INFO: Run Behavior\WriteHtmlCacheBehavior [ RunTime:0.000314s ]
INFO: [ view_filter ] --END-- [ RunTime:0.000390s ]
INFO: [ app_end ] --START--
INFO: Run Behavior\ShowPageTraceBehavior [ RunTime:0.000438s ]
INFO: [ app_end ] --END-- [ RunTime:0.000518s ]

[ 2020-05-08T13:55:11+08:00 ] ::1 /index.php/Home/Manage/compOut.html
INFO: [ app_init ] --START--
INFO: Run Behavior\BuildLiteBehavior [ RunTime:0.000019s ]
INFO: [ app_init ] --END-- [ RunTime:0.000330s ]
INFO: [ app_begin ] --START--
INFO: Run Behavior\ReadHtmlCacheBehavior [ RunTime:0.000523s ]
INFO: [ app_begin ] --END-- [ RunTime:0.000616s ]
SQL: SHOW COLUMNS FROM `tb_comp_out` [ RunTime:0.0133s ]
SQL: SELECT * FROM `tb_comp_out` ORDER BY `date` desc  [ RunTime:0.0003s ]
SQL: SHOW COLUMNS FROM `tb_comp_reserve` [ RunTime:0.0102s ]
SQL: SELECT `type`,`name`,`standard`,`store_num`,`project_pact`,`comp_pact` FROM `tb_comp_reserve` WHERE ( 1=1 AND id='10' ) LIMIT 1   [ RunTime:0.0004s ]
SQL: SELECT * FROM `tb_comp_reserve`  [ RunTime:0.0002s ]
SQL: SHOW COLUMNS FROM `tb_dic_manage` [ RunTime:0.0093s ]
SQL: SELECT * FROM `tb_dic_manage` WHERE `pid` = 1  [ RunTime:0.0003s ]
SQL: SELECT * FROM `tb_dic_manage` WHERE `pid` = 3  [ RunTime:0.0002s ]
INFO: [ view_parse ] --START--
INFO: [ template_filter ] --START--
INFO: Run Behavior\ContentReplaceBehavior [ RunTime:0.000104s ]
INFO: [ template_filter ] --END-- [ RunTime:0.000224s ]
INFO: Run Behavior\ParseTemplateBehavior [ RunTime:0.045214s ]
INFO: [ view_parse ] --END-- [ RunTime:0.045307s ]
INFO: [ view_filter ] --START--
INFO: Run Behavior\WriteHtmlCacheBehavior [ RunTime:0.000293s ]
INFO: [ view_filter ] --END-- [ RunTime:0.000363s ]
INFO: [ app_end ] --START--
INFO: Run Behavior\ShowPageTraceBehavior [ RunTime:0.000433s ]
INFO: [ app_end ] --END-- [ RunTime:0.000504s ]

